16:47:43 **** Build of configuration Debug for project STMain ****
make -j8 all 
arm-none-eabi-gcc "../Drivers/STM32F1xx_HAL_Driver/Src/stm32f1xx_hal.c" -mcpu=cortex-m3 -std=gnu11 -g3 -DDEBUG -DUSE_HAL_DRIVER -DSTM32F103xB -c -I../Core/Inc -I../Drivers/STM32F1xx_HAL_Driver/Inc/Legacy -I../Drivers/STM32F1xx_HAL_Driver/Inc -I../Drivers/CMSIS/Device/ST/STM32F1xx/Include -I../Drivers/CMSIS/Include -O0 -ffunction-sections -fdata-sections -Wall -fstack-usage -fcyclomatic-complexity -MMD -MP -MF"Drivers/STM32F1xx_HAL_Driver/Src/stm32f1xx_hal.d" -MT"Drivers/STM32F1xx_HAL_Driver/Src/stm32f1xx_hal.o" --specs=nano.specs -mfloat-abi=soft -mthumb -o "Drivers/STM32F1xx_HAL_Driver/Src/stm32f1xx_hal.o"
arm-none-eabi-gcc "../Drivers/STM32F1xx_HAL_Driver/Src/stm32f1xx_hal_adc.c" -mcpu=cortex-m3 -std=gnu11 -g3 -DDEBUG -DUSE_HAL_DRIVER -DSTM32F103xB -c -I../Core/Inc -I../Drivers/STM32F1xx_HAL_Driver/Inc/Legacy -I../Drivers/STM32F1xx_HAL_Driver/Inc -I../Drivers/CMSIS/Device/ST/STM32F1xx/Include -I../Drivers/CMSIS/Include -O0 -ffunction-sections -fdata-sections -Wall -fstack-usage -fcyclomatic-complexity -MMD -MP -MF"Drivers/STM32F1xx_HAL_Driver/Src/stm32f1xx_hal_adc.d" -MT"Drivers/STM32F1xx_HAL_Driver/Src/stm32f1xx_hal_adc.o" --specs=nano.specs -mfloat-abi=soft -mthumb -o "Drivers/STM32F1xx_HAL_Driver/Src/stm32f1xx_hal_adc.o"
arm-none-eabi-gcc "../Drivers/STM32F1xx_HAL_Driver/Src/stm32f1xx_hal_adc_ex.c" -mcpu=cortex-m3 -std=gnu11 -g3 -DDEBUG -DUSE_HAL_DRIVER -DSTM32F103xB -c -I../Core/Inc -I../Drivers/STM32F1xx_HAL_Driver/Inc/Legacy -I../Drivers/STM32F1xx_HAL_Driver/Inc -I../Drivers/CMSIS/Device/ST/STM32F1xx/Include -I../Drivers/CMSIS/Include -O0 -ffunction-sections -fdata-sections -Wall -fstack-usage -fcyclomatic-complexity -MMD -MP -MF"Drivers/STM32F1xx_HAL_Driver/Src/stm32f1xx_hal_adc_ex.d" -MT"Drivers/STM32F1xx_HAL_Driver/Src/stm32f1xx_hal_adc_ex.o" --specs=nano.specs -mfloat-abi=soft -mthumb -o "Drivers/STM32F1xx_HAL_Driver/Src/stm32f1xx_hal_adc_ex.o"
arm-none-eabi-gcc "../Drivers/STM32F1xx_HAL_Driver/Src/stm32f1xx_hal_cortex.c" -mcpu=cortex-m3 -std=gnu11 -g3 -DDEBUG -DUSE_HAL_DRIVER -DSTM32F103xB -c -I../Core/Inc -I../Drivers/STM32F1xx_HAL_Driver/Inc/Legacy -I../Drivers/STM32F1xx_HAL_Driver/Inc -I../Drivers/CMSIS/Device/ST/STM32F1xx/Include -I../Drivers/CMSIS/Include -O0 -ffunction-sections -fdata-sections -Wall -fstack-usage -fcyclomatic-complexity -MMD -MP -MF"Drivers/STM32F1xx_HAL_Driver/Src/stm32f1xx_hal_cortex.d" -MT"Drivers/STM32F1xx_HAL_Driver/Src/stm32f1xx_hal_cortex.o" --specs=nano.specs -mfloat-abi=soft -mthumb -o "Drivers/STM32F1xx_HAL_Driver/Src/stm32f1xx_hal_cortex.o"
arm-none-eabi-gcc "../Drivers/STM32F1xx_HAL_Driver/Src/stm32f1xx_hal_dma.c" -mcpu=cortex-m3 -std=gnu11 -g3 -DDEBUG -DUSE_HAL_DRIVER -DSTM32F103xB -c -I../Core/Inc -I../Drivers/STM32F1xx_HAL_Driver/Inc/Legacy -I../Drivers/STM32F1xx_HAL_Driver/Inc -I../Drivers/CMSIS/Device/ST/STM32F1xx/Include -I../Drivers/CMSIS/Include -O0 -ffunction-sections -fdata-sections -Wall -fstack-usage -fcyclomatic-complexity -MMD -MP -MF"Drivers/STM32F1xx_HAL_Driver/Src/stm32f1xx_hal_dma.d" -MT"Drivers/STM32F1xx_HAL_Driver/Src/stm32f1xx_hal_dma.o" --specs=nano.specs -mfloat-abi=soft -mthumb -o "Drivers/STM32F1xx_HAL_Driver/Src/stm32f1xx_hal_dma.o"
arm-none-eabi-gcc "../Drivers/STM32F1xx_HAL_Driver/Src/stm32f1xx_hal_exti.c" -mcpu=cortex-m3 -std=gnu11 -g3 -DDEBUG -DUSE_HAL_DRIVER -DSTM32F103xB -c -I../Core/Inc -I../Drivers/STM32F1xx_HAL_Driver/Inc/Legacy -I../Drivers/STM32F1xx_HAL_Driver/Inc -I../Drivers/CMSIS/Device/ST/STM32F1xx/Include -I../Drivers/CMSIS/Include -O0 -ffunction-sections -fdata-sections -Wall -fstack-usage -fcyclomatic-complexity -MMD -MP -MF"Drivers/STM32F1xx_HAL_Driver/Src/stm32f1xx_hal_exti.d" -MT"Drivers/STM32F1xx_HAL_Driver/Src/stm32f1xx_hal_exti.o" --specs=nano.specs -mfloat-abi=soft -mthumb -o "Drivers/STM32F1xx_HAL_Driver/Src/stm32f1xx_hal_exti.o"
arm-none-eabi-gcc "../Drivers/STM32F1xx_HAL_Driver/Src/stm32f1xx_hal_flash.c" -mcpu=cortex-m3 -std=gnu11 -g3 -DDEBUG -DUSE_HAL_DRIVER -DSTM32F103xB -c -I../Core/Inc -I../Drivers/STM32F1xx_HAL_Driver/Inc/Legacy -I../Drivers/STM32F1xx_HAL_Driver/Inc -I../Drivers/CMSIS/Device/ST/STM32F1xx/Include -I../Drivers/CMSIS/Include -O0 -ffunction-sections -fdata-sections -Wall -fstack-usage -fcyclomatic-complexity -MMD -MP -MF"Drivers/STM32F1xx_HAL_Driver/Src/stm32f1xx_hal_flash.d" -MT"Drivers/STM32F1xx_HAL_Driver/Src/stm32f1xx_hal_flash.o" --specs=nano.specs -mfloat-abi=soft -mthumb -o "Drivers/STM32F1xx_HAL_Driver/Src/stm32f1xx_hal_flash.o"
arm-none-eabi-gcc "../Drivers/STM32F1xx_HAL_Driver/Src/stm32f1xx_hal_flash_ex.c" -mcpu=cortex-m3 -std=gnu11 -g3 -DDEBUG -DUSE_HAL_DRIVER -DSTM32F103xB -c -I../Core/Inc -I../Drivers/STM32F1xx_HAL_Driver/Inc/Legacy -I../Drivers/STM32F1xx_HAL_Driver/Inc -I../Drivers/CMSIS/Device/ST/STM32F1xx/Include -I../Drivers/CMSIS/Include -O0 -ffunction-sections -fdata-sections -Wall -fstack-usage -fcyclomatic-complexity -MMD -MP -MF"Drivers/STM32F1xx_HAL_Driver/Src/stm32f1xx_hal_flash_ex.d" -MT"Drivers/STM32F1xx_HAL_Driver/Src/stm32f1xx_hal_flash_ex.o" --specs=nano.specs -mfloat-abi=soft -mthumb -o "Drivers/STM32F1xx_HAL_Driver/Src/stm32f1xx_hal_flash_ex.o"
arm-none-eabi-gcc "../Drivers/STM32F1xx_HAL_Driver/Src/stm32f1xx_hal_gpio.c" -mcpu=cortex-m3 -std=gnu11 -g3 -DDEBUG -DUSE_HAL_DRIVER -DSTM32F103xB -c -I../Core/Inc -I../Drivers/STM32F1xx_HAL_Driver/Inc/Legacy -I../Drivers/STM32F1xx_HAL_Driver/Inc -I../Drivers/CMSIS/Device/ST/STM32F1xx/Include -I../Drivers/CMSIS/Include -O0 -ffunction-sections -fdata-sections -Wall -fstack-usage -fcyclomatic-complexity -MMD -MP -MF"Drivers/STM32F1xx_HAL_Driver/Src/stm32f1xx_hal_gpio.d" -MT"Drivers/STM32F1xx_HAL_Driver/Src/stm32f1xx_hal_gpio.o" --specs=nano.specs -mfloat-abi=soft -mthumb -o "Drivers/STM32F1xx_HAL_Driver/Src/stm32f1xx_hal_gpio.o"
arm-none-eabi-gcc "../Drivers/STM32F1xx_HAL_Driver/Src/stm32f1xx_hal_gpio_ex.c" -mcpu=cortex-m3 -std=gnu11 -g3 -DDEBUG -DUSE_HAL_DRIVER -DSTM32F103xB -c -I../Core/Inc -I../Drivers/STM32F1xx_HAL_Driver/Inc/Legacy -I../Drivers/STM32F1xx_HAL_Driver/Inc -I../Drivers/CMSIS/Device/ST/STM32F1xx/Include -I../Drivers/CMSIS/Include -O0 -ffunction-sections -fdata-sections -Wall -fstack-usage -fcyclomatic-complexity -MMD -MP -MF"Drivers/STM32F1xx_HAL_Driver/Src/stm32f1xx_hal_gpio_ex.d" -MT"Drivers/STM32F1xx_HAL_Driver/Src/stm32f1xx_hal_gpio_ex.o" --specs=nano.specs -mfloat-abi=soft -mthumb -o "Drivers/STM32F1xx_HAL_Driver/Src/stm32f1xx_hal_gpio_ex.o"
arm-none-eabi-gcc "../Drivers/STM32F1xx_HAL_Driver/Src/stm32f1xx_hal_pwr.c" -mcpu=cortex-m3 -std=gnu11 -g3 -DDEBUG -DUSE_HAL_DRIVER -DSTM32F103xB -c -I../Core/Inc -I../Drivers/STM32F1xx_HAL_Driver/Inc/Legacy -I../Drivers/STM32F1xx_HAL_Driver/Inc -I../Drivers/CMSIS/Device/ST/STM32F1xx/Include -I../Drivers/CMSIS/Include -O0 -ffunction-sections -fdata-sections -Wall -fstack-usage -fcyclomatic-complexity -MMD -MP -MF"Drivers/STM32F1xx_HAL_Driver/Src/stm32f1xx_hal_pwr.d" -MT"Drivers/STM32F1xx_HAL_Driver/Src/stm32f1xx_hal_pwr.o" --specs=nano.specs -mfloat-abi=soft -mthumb -o "Drivers/STM32F1xx_HAL_Driver/Src/stm32f1xx_hal_pwr.o"
arm-none-eabi-gcc "../Drivers/STM32F1xx_HAL_Driver/Src/stm32f1xx_hal_rcc.c" -mcpu=cortex-m3 -std=gnu11 -g3 -DDEBUG -DUSE_HAL_DRIVER -DSTM32F103xB -c -I../Core/Inc -I../Drivers/STM32F1xx_HAL_Driver/Inc/Legacy -I../Drivers/STM32F1xx_HAL_Driver/Inc -I../Drivers/CMSIS/Device/ST/STM32F1xx/Include -I../Drivers/CMSIS/Include -O0 -ffunction-sections -fdata-sections -Wall -fstack-usage -fcyclomatic-complexity -MMD -MP -MF"Drivers/STM32F1xx_HAL_Driver/Src/stm32f1xx_hal_rcc.d" -MT"Drivers/STM32F1xx_HAL_Driver/Src/stm32f1xx_hal_rcc.o" --specs=nano.specs -mfloat-abi=soft -mthumb -o "Drivers/STM32F1xx_HAL_Driver/Src/stm32f1xx_hal_rcc.o"
arm-none-eabi-gcc "../Drivers/STM32F1xx_HAL_Driver/Src/stm32f1xx_hal_rcc_ex.c" -mcpu=cortex-m3 -std=gnu11 -g3 -DDEBUG -DUSE_HAL_DRIVER -DSTM32F103xB -c -I../Core/Inc -I../Drivers/STM32F1xx_HAL_Driver/Inc/Legacy -I../Drivers/STM32F1xx_HAL_Driver/Inc -I../Drivers/CMSIS/Device/ST/STM32F1xx/Include -I../Drivers/CMSIS/Include -O0 -ffunction-sections -fdata-sections -Wall -fstack-usage -fcyclomatic-complexity -MMD -MP -MF"Drivers/STM32F1xx_HAL_Driver/Src/stm32f1xx_hal_rcc_ex.d" -MT"Drivers/STM32F1xx_HAL_Driver/Src/stm32f1xx_hal_rcc_ex.o" --specs=nano.specs -mfloat-abi=soft -mthumb -o "Drivers/STM32F1xx_HAL_Driver/Src/stm32f1xx_hal_rcc_ex.o"
arm-none-eabi-gcc "../Drivers/STM32F1xx_HAL_Driver/Src/stm32f1xx_hal_tim.c" -mcpu=cortex-m3 -std=gnu11 -g3 -DDEBUG -DUSE_HAL_DRIVER -DSTM32F103xB -c -I../Core/Inc -I../Drivers/STM32F1xx_HAL_Driver/Inc/Legacy -I../Drivers/STM32F1xx_HAL_Driver/Inc -I../Drivers/CMSIS/Device/ST/STM32F1xx/Include -I../Drivers/CMSIS/Include -O0 -ffunction-sections -fdata-sections -Wall -fstack-usage -fcyclomatic-complexity -MMD -MP -MF"Drivers/STM32F1xx_HAL_Driver/Src/stm32f1xx_hal_tim.d" -MT"Drivers/STM32F1xx_HAL_Driver/Src/stm32f1xx_hal_tim.o" --specs=nano.specs -mfloat-abi=soft -mthumb -o "Drivers/STM32F1xx_HAL_Driver/Src/stm32f1xx_hal_tim.o"
arm-none-eabi-gcc "../Drivers/STM32F1xx_HAL_Driver/Src/stm32f1xx_hal_tim_ex.c" -mcpu=cortex-m3 -std=gnu11 -g3 -DDEBUG -DUSE_HAL_DRIVER -DSTM32F103xB -c -I../Core/Inc -I../Drivers/STM32F1xx_HAL_Driver/Inc/Legacy -I../Drivers/STM32F1xx_HAL_Driver/Inc -I../Drivers/CMSIS/Device/ST/STM32F1xx/Include -I../Drivers/CMSIS/Include -O0 -ffunction-sections -fdata-sections -Wall -fstack-usage -fcyclomatic-complexity -MMD -MP -MF"Drivers/STM32F1xx_HAL_Driver/Src/stm32f1xx_hal_tim_ex.d" -MT"Drivers/STM32F1xx_HAL_Driver/Src/stm32f1xx_hal_tim_ex.o" --specs=nano.specs -mfloat-abi=soft -mthumb -o "Drivers/STM32F1xx_HAL_Driver/Src/stm32f1xx_hal_tim_ex.o"
arm-none-eabi-gcc "../Drivers/STM32F1xx_HAL_Driver/Src/stm32f1xx_hal_uart.c" -mcpu=cortex-m3 -std=gnu11 -g3 -DDEBUG -DUSE_HAL_DRIVER -DSTM32F103xB -c -I../Core/Inc -I../Drivers/STM32F1xx_HAL_Driver/Inc/Legacy -I../Drivers/STM32F1xx_HAL_Driver/Inc -I../Drivers/CMSIS/Device/ST/STM32F1xx/Include -I../Drivers/CMSIS/Include -O0 -ffunction-sections -fdata-sections -Wall -fstack-usage -fcyclomatic-complexity -MMD -MP -MF"Drivers/STM32F1xx_HAL_Driver/Src/stm32f1xx_hal_uart.d" -MT"Drivers/STM32F1xx_HAL_Driver/Src/stm32f1xx_hal_uart.o" --specs=nano.specs -mfloat-abi=soft -mthumb -o "Drivers/STM32F1xx_HAL_Driver/Src/stm32f1xx_hal_uart.o"
arm-none-eabi-gcc -mcpu=cortex-m3 -g3 -DDEBUG -c -x assembler-with-cpp -MMD -MP -MF"Core/Startup/startup_stm32f103rbtx.d" -MT"Core/Startup/startup_stm32f103rbtx.o" --specs=nano.specs -mfloat-abi=soft -mthumb -o "Core/Startup/startup_stm32f103rbtx.o" "../Core/Startup/startup_stm32f103rbtx.s"
arm-none-eabi-gcc "../Core/Src/main.c" -mcpu=cortex-m3 -std=gnu11 -g3 -DDEBUG -DUSE_HAL_DRIVER -DSTM32F103xB -c -I../Core/Inc -I../Drivers/STM32F1xx_HAL_Driver/Inc/Legacy -I../Drivers/STM32F1xx_HAL_Driver/Inc -I../Drivers/CMSIS/Device/ST/STM32F1xx/Include -I../Drivers/CMSIS/Include -O0 -ffunction-sections -fdata-sections -Wall -fstack-usage -fcyclomatic-complexity -MMD -MP -MF"Core/Src/main.d" -MT"Core/Src/main.o" --specs=nano.specs -mfloat-abi=soft -mthumb -o "Core/Src/main.o"
arm-none-eabi-gcc "../Core/Src/stm32f1xx_hal_msp.c" -mcpu=cortex-m3 -std=gnu11 -g3 -DDEBUG -DUSE_HAL_DRIVER -DSTM32F103xB -c -I../Core/Inc -I../Drivers/STM32F1xx_HAL_Driver/Inc/Legacy -I../Drivers/STM32F1xx_HAL_Driver/Inc -I../Drivers/CMSIS/Device/ST/STM32F1xx/Include -I../Drivers/CMSIS/Include -O0 -ffunction-sections -fdata-sections -Wall -fstack-usage -fcyclomatic-complexity -MMD -MP -MF"Core/Src/stm32f1xx_hal_msp.d" -MT"Core/Src/stm32f1xx_hal_msp.o" --specs=nano.specs -mfloat-abi=soft -mthumb -o "Core/Src/stm32f1xx_hal_msp.o"
arm-none-eabi-gcc "../Core/Src/stm32f1xx_it.c" -mcpu=cortex-m3 -std=gnu11 -g3 -DDEBUG -DUSE_HAL_DRIVER -DSTM32F103xB -c -I../Core/Inc -I../Drivers/STM32F1xx_HAL_Driver/Inc/Legacy -I../Drivers/STM32F1xx_HAL_Driver/Inc -I../Drivers/CMSIS/Device/ST/STM32F1xx/Include -I../Drivers/CMSIS/Include -O0 -ffunction-sections -fdata-sections -Wall -fstack-usage -fcyclomatic-complexity -MMD -MP -MF"Core/Src/stm32f1xx_it.d" -MT"Core/Src/stm32f1xx_it.o" --specs=nano.specs -mfloat-abi=soft -mthumb -o "Core/Src/stm32f1xx_it.o"
arm-none-eabi-gcc "../Core/Src/syscalls.c" -mcpu=cortex-m3 -std=gnu11 -g3 -DDEBUG -DUSE_HAL_DRIVER -DSTM32F103xB -c -I../Core/Inc -I../Drivers/STM32F1xx_HAL_Driver/Inc/Legacy -I../Drivers/STM32F1xx_HAL_Driver/Inc -I../Drivers/CMSIS/Device/ST/STM32F1xx/Include -I../Drivers/CMSIS/Include -O0 -ffunction-sections -fdata-sections -Wall -fstack-usage -fcyclomatic-complexity -MMD -MP -MF"Core/Src/syscalls.d" -MT"Core/Src/syscalls.o" --specs=nano.specs -mfloat-abi=soft -mthumb -o "Core/Src/syscalls.o"
arm-none-eabi-gcc "../Core/Src/sysmem.c" -mcpu=cortex-m3 -std=gnu11 -g3 -DDEBUG -DUSE_HAL_DRIVER -DSTM32F103xB -c -I../Core/Inc -I../Drivers/STM32F1xx_HAL_Driver/Inc/Legacy -I../Drivers/STM32F1xx_HAL_Driver/Inc -I../Drivers/CMSIS/Device/ST/STM32F1xx/Include -I../Drivers/CMSIS/Include -O0 -ffunction-sections -fdata-sections -Wall -fstack-usage -fcyclomatic-complexity -MMD -MP -MF"Core/Src/sysmem.d" -MT"Core/Src/sysmem.o" --specs=nano.specs -mfloat-abi=soft -mthumb -o "Core/Src/sysmem.o"
In file included from ../Core/Src/main.c:20:
../Core/Inc/main.h:104:9: error: redeclaration of enumerator 'ERROR'
  104 |         ERROR
      |         ^~~~~
In file included from ../Drivers/STM32F1xx_HAL_Driver/Inc/stm32f1xx_hal_def.h:29,
                 from ../Drivers/STM32F1xx_HAL_Driver/Inc/stm32f1xx_hal_rcc.h:27,
                 from ../Core/Inc/stm32f1xx_hal_conf.h:238,
                 from ../Drivers/STM32F1xx_HAL_Driver/Inc/stm32f1xx_hal.h:29,
                 from ../Core/Inc/main.h:30,
                 from ../Core/Src/main.c:20:
../Drivers/CMSIS/Device/ST/STM32F1xx/Include/stm32f1xx.h:166:3: note: previous definition of 'ERROR' with type 'enum <anonymous>'
  166 |   ERROR = !SUCCESS
      |   ^~~~~
../Core/Src/main.c:59:1: error: unknown type name 'EState'
   59 | EState CurrentState;
      | ^~~~~~
../Core/Src/main.c: In function 'main':
../Core/Src/main.c:158:37: error: invalid type argument of unary '*' (have 'int')
  158 |                         Request_SQL(*runState);
      |                                     ^~~~~~~~~
../Core/Src/main.c:158:25: error: too many arguments to function 'Request_SQL'
  158 |                         Request_SQL(*runState);
      |                         ^~~~~~~~~~~
../Core/Src/main.c:77:15: note: declared here
   77 | StatusTypeDef Request_SQL(void);
      |               ^~~~~~~~~~~
../Core/Src/main.c:161:36: error: invalid type argument of unary '*' (have 'int')
  161 |                         Controller(*runState);
      |                                    ^~~~~~~~~
../Core/Src/main.c:161:25: error: too many arguments to function 'Controller'
  161 |                         Controller(*runState);
      |                         ^~~~~~~~~~
../Core/Src/main.c:78:15: note: declared here
   78 | StatusTypeDef Controller(void);
      |               ^~~~~~~~~~
../Core/Src/main.c:164:37: error: invalid type argument of unary '*' (have 'int')
  164 |                         ReadModules(*runState);
      |                                     ^~~~~~~~~
../Core/Src/main.c:164:25: error: too many arguments to function 'ReadModules'
  164 |                         ReadModules(*runState);
      |                         ^~~~~~~~~~~
../Core/Src/main.c:79:15: note: declared here
   79 | StatusTypeDef ReadModules(void);
      |               ^~~~~~~~~~~
../Core/Src/main.c:153:19: warning: unused variable 'safeRun' [-Wunused-variable]
  153 |     StatusTypeDef safeRun;
      |                   ^~~~~~~
../Core/Src/main.c: At top level:
../Core/Src/main.c:406:15: error: conflicting types for 'HandShake'; have 'StatusTypeDef(StateTypeDef *)'
  406 | StatusTypeDef HandShake(StateTypeDef* runState)
      |               ^~~~~~~~~
../Core/Src/main.c:76:15: note: previous declaration of 'HandShake' with type 'StatusTypeDef(void)'
   76 | StatusTypeDef HandShake(void);
      |               ^~~~~~~~~
../Core/Src/main.c:411:15: error: conflicting types for 'Request_SQL'; have 'StatusTypeDef(StateTypeDef *)'
  411 | StatusTypeDef Request_SQL(StateTypeDef* runState)
      |               ^~~~~~~~~~~
../Core/Src/main.c:77:15: note: previous declaration of 'Request_SQL' with type 'StatusTypeDef(void)'
   77 | StatusTypeDef Request_SQL(void);
      |               ^~~~~~~~~~~
../Core/Src/main.c:416:15: error: conflicting types for 'ReadModules'; have 'StatusTypeDef(StateTypeDef *)'
  416 | StatusTypeDef ReadModules(StateTypeDef* runState)
      |               ^~~~~~~~~~~
../Core/Src/main.c:79:15: note: previous declaration of 'ReadModules' with type 'StatusTypeDef(void)'
   79 | StatusTypeDef ReadModules(void);
      |               ^~~~~~~~~~~
../Core/Src/main.c: In function 'motionTrack':
../Core/Src/main.c:488:27: warning: comparison between 'GPIO_PinState' and 'enum <anonymous>' [-Wenum-compare]
  488 |         if(motionDetected == SET)
      |                           ^~
../Core/Src/main.c: In function 'gasTrack':
../Core/Src/main.c:513:25: warning: '0' flag ignored with precision and '%d' gnu_printf format [-Wformat=]
  513 |           sprintf(data, "current gas value: %0.2d\r\n", gasVal);
      |                         ^~~~~~~~~~~~~~~~~~~~~~~~~~~~~~
../Core/Src/main.c:513:49: warning: format '%d' expects argument of type 'int', but argument 3 has type 'double' [-Wformat=]
  513 |           sprintf(data, "current gas value: %0.2d\r\n", gasVal);
      |                                             ~~~~^       ~~~~~~
      |                                                 |       |
      |                                                 int     double
      |                                             %0.2f
../Core/Src/main.c: In function 'SleepMode':
../Core/Src/main.c:429:1: warning: control reaches end of non-void function [-Wreturn-type]
  429 | }
      | ^
../Core/Src/main.c: In function 'WakeUPMode':
../Core/Src/main.c:434:1: warning: control reaches end of non-void function [-Wreturn-type]
  434 | }
      | ^
In file included from ../Core/Src/stm32f1xx_hal_msp.c:22:
../Core/Inc/main.h:104:9: error: redeclaration of enumerator 'ERROR'
  104 |         ERROR
      |         ^~~~~
In file included from ../Drivers/STM32F1xx_HAL_Driver/Inc/stm32f1xx_hal_def.h:29,
                 from ../Drivers/STM32F1xx_HAL_Driver/Inc/stm32f1xx_hal_rcc.h:27,
                 from ../Core/Inc/stm32f1xx_hal_conf.h:238,
                 from ../Drivers/STM32F1xx_HAL_Driver/Inc/stm32f1xx_hal.h:29,
                 from ../Core/Inc/main.h:30,
                 from ../Core/Src/stm32f1xx_hal_msp.c:22:
../Drivers/CMSIS/Device/ST/STM32F1xx/Include/stm32f1xx.h:166:3: note: previous definition of 'ERROR' with type 'enum <anonymous>'
  166 |   ERROR = !SUCCESS
      |   ^~~~~
make: *** [Core/Src/subdir.mk:34: Core/Src/main.o] Error 1
make: *** Waiting for unfinished jobs....
In file included from ../Core/Src/stm32f1xx_it.c:21:
../Core/Inc/main.h:104:9: error: redeclaration of enumerator 'ERROR'
  104 |         ERROR
      |         ^~~~~
In file included from ../Drivers/STM32F1xx_HAL_Driver/Inc/stm32f1xx_hal_def.h:29,
                 from ../Drivers/STM32F1xx_HAL_Driver/Inc/stm32f1xx_hal_rcc.h:27,
                 from ../Core/Inc/stm32f1xx_hal_conf.h:238,
                 from ../Drivers/STM32F1xx_HAL_Driver/Inc/stm32f1xx_hal.h:29,
                 from ../Core/Inc/main.h:30,
                 from ../Core/Src/stm32f1xx_it.c:21:
../Drivers/CMSIS/Device/ST/STM32F1xx/Include/stm32f1xx.h:166:3: note: previous definition of 'ERROR' with type 'enum <anonymous>'
  166 |   ERROR = !SUCCESS
      |   ^~~~~
make: *** [Core/Src/subdir.mk:34: Core/Src/stm32f1xx_hal_msp.o] Error 1
make: *** [Core/Src/subdir.mk:34: Core/Src/stm32f1xx_it.o] Error 1
"make -j8 all" terminated with exit code 2. Build might be incomplete.
16:48:42 **** Incremental Build of configuration Debug for project STMain ****
make -j8 all 
arm-none-eabi-gcc "../Core/Src/main.c" -mcpu=cortex-m3 -std=gnu11 -g3 -DDEBUG -DUSE_HAL_DRIVER -DSTM32F103xB -c -I../Core/Inc -I../Drivers/STM32F1xx_HAL_Driver/Inc/Legacy -I../Drivers/STM32F1xx_HAL_Driver/Inc -I../Drivers/CMSIS/Device/ST/STM32F1xx/Include -I../Drivers/CMSIS/Include -O0 -ffunction-sections -fdata-sections -Wall -fstack-usage -fcyclomatic-complexity -MMD -MP -MF"Core/Src/main.d" -MT"Core/Src/main.o" --specs=nano.specs -mfloat-abi=soft -mthumb -o "Core/Src/main.o"
arm-none-eabi-gcc "../Core/Src/stm32f1xx_hal_msp.c" -mcpu=cortex-m3 -std=gnu11 -g3 -DDEBUG -DUSE_HAL_DRIVER -DSTM32F103xB -c -I../Core/Inc -I../Drivers/STM32F1xx_HAL_Driver/Inc/Legacy -I../Drivers/STM32F1xx_HAL_Driver/Inc -I../Drivers/CMSIS/Device/ST/STM32F1xx/Include -I../Drivers/CMSIS/Include -O0 -ffunction-sections -fdata-sections -Wall -fstack-usage -fcyclomatic-complexity -MMD -MP -MF"Core/Src/stm32f1xx_hal_msp.d" -MT"Core/Src/stm32f1xx_hal_msp.o" --specs=nano.specs -mfloat-abi=soft -mthumb -o "Core/Src/stm32f1xx_hal_msp.o"
arm-none-eabi-gcc "../Core/Src/stm32f1xx_it.c" -mcpu=cortex-m3 -std=gnu11 -g3 -DDEBUG -DUSE_HAL_DRIVER -DSTM32F103xB -c -I../Core/Inc -I../Drivers/STM32F1xx_HAL_Driver/Inc/Legacy -I../Drivers/STM32F1xx_HAL_Driver/Inc -I../Drivers/CMSIS/Device/ST/STM32F1xx/Include -I../Drivers/CMSIS/Include -O0 -ffunction-sections -fdata-sections -Wall -fstack-usage -fcyclomatic-complexity -MMD -MP -MF"Core/Src/stm32f1xx_it.d" -MT"Core/Src/stm32f1xx_it.o" --specs=nano.specs -mfloat-abi=soft -mthumb -o "Core/Src/stm32f1xx_it.o"
arm-none-eabi-gcc "../Core/Src/system_stm32f1xx.c" -mcpu=cortex-m3 -std=gnu11 -g3 -DDEBUG -DUSE_HAL_DRIVER -DSTM32F103xB -c -I../Core/Inc -I../Drivers/STM32F1xx_HAL_Driver/Inc/Legacy -I../Drivers/STM32F1xx_HAL_Driver/Inc -I../Drivers/CMSIS/Device/ST/STM32F1xx/Include -I../Drivers/CMSIS/Include -O0 -ffunction-sections -fdata-sections -Wall -fstack-usage -fcyclomatic-complexity -MMD -MP -MF"Core/Src/system_stm32f1xx.d" -MT"Core/Src/system_stm32f1xx.o" --specs=nano.specs -mfloat-abi=soft -mthumb -o "Core/Src/system_stm32f1xx.o"
In file included from ../Core/Src/main.c:20:
../Core/Inc/main.h:104:9: error: redeclaration of enumerator 'ERROR'
  104 |         ERROR
      |         ^~~~~
In file included from ../Drivers/STM32F1xx_HAL_Driver/Inc/stm32f1xx_hal_def.h:29,
                 from ../Drivers/STM32F1xx_HAL_Driver/Inc/stm32f1xx_hal_rcc.h:27,
                 from ../Core/Inc/stm32f1xx_hal_conf.h:238,
                 from ../Drivers/STM32F1xx_HAL_Driver/Inc/stm32f1xx_hal.h:29,
                 from ../Core/Inc/main.h:30,
                 from ../Core/Src/main.c:20:
../Drivers/CMSIS/Device/ST/STM32F1xx/Include/stm32f1xx.h:166:3: note: previous definition of 'ERROR' with type 'enum <anonymous>'
  166 |   ERROR = !SUCCESS
      |   ^~~~~
../Core/Src/main.c:59:1: error: unknown type name 'EState'
   59 | EState CurrentState;
      | ^~~~~~
../Core/Src/main.c: In function 'main':
../Core/Src/main.c:158:37: error: invalid type argument of unary '*' (have 'int')
  158 |                         Request_SQL(*runState);
      |                                     ^~~~~~~~~
../Core/Src/main.c:161:36: error: invalid type argument of unary '*' (have 'int')
  161 |                         Controller(*runState);
      |                                    ^~~~~~~~~
../Core/Src/main.c:164:37: error: invalid type argument of unary '*' (have 'int')
  164 |                         ReadModules(*runState);
      |                                     ^~~~~~~~~
../Core/Src/main.c:153:19: warning: unused variable 'safeRun' [-Wunused-variable]
  153 |     StatusTypeDef safeRun;
      |                   ^~~~~~~
../Core/Src/main.c: In function 'InitSystem':
../Core/Src/main.c:399:9: error: too few arguments to function 'HandShake'
  399 |         HandShake();
      |         ^~~~~~~~~
../Core/Src/main.c:76:15: note: declared here
   76 | StatusTypeDef HandShake(StateTypeDef*);
      |               ^~~~~~~~~
../Core/Src/main.c:400:9: error: too few arguments to function 'ReadModules'
  400 |         ReadModules();
      |         ^~~~~~~~~~~
../Core/Src/main.c:79:15: note: declared here
   79 | StatusTypeDef ReadModules(StateTypeDef*);
      |               ^~~~~~~~~~~
../Core/Src/main.c:401:9: error: too few arguments to function 'Request_SQL'
  401 |         Request_SQL();
      |         ^~~~~~~~~~~
../Core/Src/main.c:77:15: note: declared here
   77 | StatusTypeDef Request_SQL(StateTypeDef*);
      |               ^~~~~~~~~~~
../Core/Src/main.c:402:9: error: too few arguments to function 'Controller'
  402 |         Controller();
      |         ^~~~~~~~~~
../Core/Src/main.c:78:15: note: declared here
   78 | StatusTypeDef Controller(StateTypeDef*);
      |               ^~~~~~~~~~
../Core/Src/main.c: In function 'SleepMode':
../Core/Src/main.c:422:1: error: number of arguments doesn't match prototype
  422 | {
      | ^
../Core/Src/main.c:80:15: error: prototype declaration
   80 | StatusTypeDef SleepMode(StateTypeDef*);
      |               ^~~~~~~~~
../Core/Src/main.c: In function 'WakeUPMode':
../Core/Src/main.c:432:1: error: number of arguments doesn't match prototype
  432 | {
      | ^
../Core/Src/main.c:81:15: error: prototype declaration
   81 | StatusTypeDef WakeUPMode(StateTypeDef*);
      |               ^~~~~~~~~~
../Core/Src/main.c: In function 'motionTrack':
../Core/Src/main.c:488:27: warning: comparison between 'GPIO_PinState' and 'enum <anonymous>' [-Wenum-compare]
  488 |         if(motionDetected == SET)
      |                           ^~
../Core/Src/main.c: In function 'gasTrack':
../Core/Src/main.c:513:25: warning: '0' flag ignored with precision and '%d' gnu_printf format [-Wformat=]
  513 |           sprintf(data, "current gas value: %0.2d\r\n", gasVal);
      |                         ^~~~~~~~~~~~~~~~~~~~~~~~~~~~~~
../Core/Src/main.c:513:49: warning: format '%d' expects argument of type 'int', but argument 3 has type 'double' [-Wformat=]
  513 |           sprintf(data, "current gas value: %0.2d\r\n", gasVal);
      |                                             ~~~~^       ~~~~~~
      |                                                 |       |
      |                                                 int     double
      |                                             %0.2f
../Core/Src/main.c: In function 'SleepMode':
../Core/Src/main.c:429:1: warning: control reaches end of non-void function [-Wreturn-type]
  429 | }
      | ^
../Core/Src/main.c: In function 'WakeUPMode':
../Core/Src/main.c:434:1: warning: control reaches end of non-void function [-Wreturn-type]
  434 | }
      | ^
In file included from ../Core/Src/stm32f1xx_hal_msp.c:22:
../Core/Inc/main.h:104:9: error: redeclaration of enumerator 'ERROR'
  104 |         ERROR
      |         ^~~~~
In file included from ../Drivers/STM32F1xx_HAL_Driver/Inc/stm32f1xx_hal_def.h:29,
                 from ../Drivers/STM32F1xx_HAL_Driver/Inc/stm32f1xx_hal_rcc.h:27,
                 from ../Core/Inc/stm32f1xx_hal_conf.h:238,
                 from ../Drivers/STM32F1xx_HAL_Driver/Inc/stm32f1xx_hal.h:29,
                 from ../Core/Inc/main.h:30,
                 from ../Core/Src/stm32f1xx_hal_msp.c:22:
../Drivers/CMSIS/Device/ST/STM32F1xx/Include/stm32f1xx.h:166:3: note: previous definition of 'ERROR' with type 'enum <anonymous>'
  166 |   ERROR = !SUCCESS
      |   ^~~~~
In file included from ../Core/Src/stm32f1xx_it.c:21:
../Core/Inc/main.h:104:9: error: redeclaration of enumerator 'ERROR'
  104 |         ERROR
      |         ^~~~~
In file included from ../Drivers/STM32F1xx_HAL_Driver/Inc/stm32f1xx_hal_def.h:29,
                 from ../Drivers/STM32F1xx_HAL_Driver/Inc/stm32f1xx_hal_rcc.h:27,
                 from ../Core/Inc/stm32f1xx_hal_conf.h:238,
                 from ../Drivers/STM32F1xx_HAL_Driver/Inc/stm32f1xx_hal.h:29,
                 from ../Core/Inc/main.h:30,
                 from ../Core/Src/stm32f1xx_it.c:21:
../Drivers/CMSIS/Device/ST/STM32F1xx/Include/stm32f1xx.h:166:3: note: previous definition of 'ERROR' with type 'enum <anonymous>'
  166 |   ERROR = !SUCCESS
      |   ^~~~~
make: *** [Core/Src/subdir.mk:34: Core/Src/main.o] Error 1
make: *** Waiting for unfinished jobs....
make: *** [Core/Src/subdir.mk:34: Core/Src/stm32f1xx_hal_msp.o] Error 1
make: *** [Core/Src/subdir.mk:34: Core/Src/stm32f1xx_it.o] Error 1
"make -j8 all" terminated with exit code 2. Build might be incomplete.
16:48:58 **** Incremental Build of configuration Debug for project STMain ****
make -j8 all 
arm-none-eabi-gcc "../Core/Src/main.c" -mcpu=cortex-m3 -std=gnu11 -g3 -DDEBUG -DUSE_HAL_DRIVER -DSTM32F103xB -c -I../Core/Inc -I../Drivers/STM32F1xx_HAL_Driver/Inc/Legacy -I../Drivers/STM32F1xx_HAL_Driver/Inc -I../Drivers/CMSIS/Device/ST/STM32F1xx/Include -I../Drivers/CMSIS/Include -O0 -ffunction-sections -fdata-sections -Wall -fstack-usage -fcyclomatic-complexity -MMD -MP -MF"Core/Src/main.d" -MT"Core/Src/main.o" --specs=nano.specs -mfloat-abi=soft -mthumb -o "Core/Src/main.o"
arm-none-eabi-gcc "../Core/Src/stm32f1xx_hal_msp.c" -mcpu=cortex-m3 -std=gnu11 -g3 -DDEBUG -DUSE_HAL_DRIVER -DSTM32F103xB -c -I../Core/Inc -I../Drivers/STM32F1xx_HAL_Driver/Inc/Legacy -I../Drivers/STM32F1xx_HAL_Driver/Inc -I../Drivers/CMSIS/Device/ST/STM32F1xx/Include -I../Drivers/CMSIS/Include -O0 -ffunction-sections -fdata-sections -Wall -fstack-usage -fcyclomatic-complexity -MMD -MP -MF"Core/Src/stm32f1xx_hal_msp.d" -MT"Core/Src/stm32f1xx_hal_msp.o" --specs=nano.specs -mfloat-abi=soft -mthumb -o "Core/Src/stm32f1xx_hal_msp.o"
arm-none-eabi-gcc "../Core/Src/stm32f1xx_it.c" -mcpu=cortex-m3 -std=gnu11 -g3 -DDEBUG -DUSE_HAL_DRIVER -DSTM32F103xB -c -I../Core/Inc -I../Drivers/STM32F1xx_HAL_Driver/Inc/Legacy -I../Drivers/STM32F1xx_HAL_Driver/Inc -I../Drivers/CMSIS/Device/ST/STM32F1xx/Include -I../Drivers/CMSIS/Include -O0 -ffunction-sections -fdata-sections -Wall -fstack-usage -fcyclomatic-complexity -MMD -MP -MF"Core/Src/stm32f1xx_it.d" -MT"Core/Src/stm32f1xx_it.o" --specs=nano.specs -mfloat-abi=soft -mthumb -o "Core/Src/stm32f1xx_it.o"
In file included from ../Core/Src/main.c:20:
../Core/Inc/main.h:104:9: error: redeclaration of enumerator 'ERROR'
  104 |         ERROR
      |         ^~~~~
In file included from ../Drivers/STM32F1xx_HAL_Driver/Inc/stm32f1xx_hal_def.h:29,
                 from ../Drivers/STM32F1xx_HAL_Driver/Inc/stm32f1xx_hal_rcc.h:27,
                 from ../Core/Inc/stm32f1xx_hal_conf.h:238,
                 from ../Drivers/STM32F1xx_HAL_Driver/Inc/stm32f1xx_hal.h:29,
                 from ../Core/Inc/main.h:30,
                 from ../Core/Src/main.c:20:
../Drivers/CMSIS/Device/ST/STM32F1xx/Include/stm32f1xx.h:166:3: note: previous definition of 'ERROR' with type 'enum <anonymous>'
  166 |   ERROR = !SUCCESS
      |   ^~~~~
../Core/Src/main.c:59:1: error: unknown type name 'EState'
   59 | EState CurrentState;
      | ^~~~~~
../Core/Src/main.c: In function 'main':
../Core/Src/main.c:158:37: error: invalid type argument of unary '*' (have 'int')
  158 |                         Request_SQL(*runState);
      |                                     ^~~~~~~~~
../Core/Src/main.c:161:36: error: invalid type argument of unary '*' (have 'int')
  161 |                         Controller(*runState);
      |                                    ^~~~~~~~~
../Core/Src/main.c:164:37: error: invalid type argument of unary '*' (have 'int')
  164 |                         ReadModules(*runState);
      |                                     ^~~~~~~~~
../Core/Src/main.c:153:19: warning: unused variable 'safeRun' [-Wunused-variable]
  153 |     StatusTypeDef safeRun;
      |                   ^~~~~~~
../Core/Src/main.c: In function 'InitSystem':
../Core/Src/main.c:399:9: error: too few arguments to function 'HandShake'
  399 |         HandShake();
      |         ^~~~~~~~~
../Core/Src/main.c:76:15: note: declared here
   76 | StatusTypeDef HandShake(StateTypeDef*);
      |               ^~~~~~~~~
../Core/Src/main.c:400:9: error: too few arguments to function 'ReadModules'
  400 |         ReadModules();
      |         ^~~~~~~~~~~
../Core/Src/main.c:79:15: note: declared here
   79 | StatusTypeDef ReadModules(StateTypeDef*);
      |               ^~~~~~~~~~~
../Core/Src/main.c:401:9: error: too few arguments to function 'Request_SQL'
  401 |         Request_SQL();
      |         ^~~~~~~~~~~
../Core/Src/main.c:77:15: note: declared here
   77 | StatusTypeDef Request_SQL(StateTypeDef*);
      |               ^~~~~~~~~~~
../Core/Src/main.c:402:9: error: too few arguments to function 'Controller'
  402 |         Controller();
      |         ^~~~~~~~~~
../Core/Src/main.c:78:15: note: declared here
   78 | StatusTypeDef Controller(StateTypeDef*);
      |               ^~~~~~~~~~
../Core/Src/main.c: In function 'motionTrack':
../Core/Src/main.c:488:27: warning: comparison between 'GPIO_PinState' and 'enum <anonymous>' [-Wenum-compare]
  488 |         if(motionDetected == SET)
      |                           ^~
../Core/Src/main.c: In function 'gasTrack':
../Core/Src/main.c:513:25: warning: '0' flag ignored with precision and '%d' gnu_printf format [-Wformat=]
  513 |           sprintf(data, "current gas value: %0.2d\r\n", gasVal);
      |                         ^~~~~~~~~~~~~~~~~~~~~~~~~~~~~~
In file included from ../Core/Src/stm32f1xx_hal_msp.c:22:
../Core/Inc/main.h:104:9: error: redeclaration of enumerator 'ERROR'
  104 |         ERROR
      |         ^~~~~
../Core/Src/main.c:513:49: warning: format '%d' expects argument of type 'int', but argument 3 has type 'double' [-Wformat=]
  513 |           sprintf(data, "current gas value: %0.2d\r\n", gasVal);
      |                                             ~~~~^       ~~~~~~
      |                                                 |       |
      |                                                 int     double
      |                                             %0.2f
In file included from ../Drivers/STM32F1xx_HAL_Driver/Inc/stm32f1xx_hal_def.h:29,
                 from ../Drivers/STM32F1xx_HAL_Driver/Inc/stm32f1xx_hal_rcc.h:27,
                 from ../Core/Inc/stm32f1xx_hal_conf.h:238,
                 from ../Drivers/STM32F1xx_HAL_Driver/Inc/stm32f1xx_hal.h:29,
                 from ../Core/Inc/main.h:30,
                 from ../Core/Src/stm32f1xx_hal_msp.c:22:
../Drivers/CMSIS/Device/ST/STM32F1xx/Include/stm32f1xx.h:166:3: note: previous definition of 'ERROR' with type 'enum <anonymous>'
  166 |   ERROR = !SUCCESS
      |   ^~~~~
../Core/Src/main.c: In function 'SleepMode':
../Core/Src/main.c:429:1: warning: control reaches end of non-void function [-Wreturn-type]
  429 | }
      | ^
../Core/Src/main.c: In function 'WakeUPMode':
../Core/Src/main.c:434:1: warning: control reaches end of non-void function [-Wreturn-type]
  434 | }
      | ^
In file included from ../Core/Src/stm32f1xx_it.c:21:
../Core/Inc/main.h:104:9: error: redeclaration of enumerator 'ERROR'
  104 |         ERROR
      |         ^~~~~
In file included from ../Drivers/STM32F1xx_HAL_Driver/Inc/stm32f1xx_hal_def.h:29,
                 from ../Drivers/STM32F1xx_HAL_Driver/Inc/stm32f1xx_hal_rcc.h:27,
                 from ../Core/Inc/stm32f1xx_hal_conf.h:238,
                 from ../Drivers/STM32F1xx_HAL_Driver/Inc/stm32f1xx_hal.h:29,
                 from ../Core/Inc/main.h:30,
                 from ../Core/Src/stm32f1xx_it.c:21:
../Drivers/CMSIS/Device/ST/STM32F1xx/Include/stm32f1xx.h:166:3: note: previous definition of 'ERROR' with type 'enum <anonymous>'
  166 |   ERROR = !SUCCESS
      |   ^~~~~
make: *** [Core/Src/subdir.mk:34: Core/Src/main.o] Error 1
make: *** Waiting for unfinished jobs....
make: *** [Core/Src/subdir.mk:34: Core/Src/stm32f1xx_hal_msp.o] Error 1
make: *** [Core/Src/subdir.mk:34: Core/Src/stm32f1xx_it.o] Error 1
"make -j8 all" terminated with exit code 2. Build might be incomplete.
16:49:17 **** Incremental Build of configuration Debug for project STMain ****
make -j8 all 
arm-none-eabi-gcc "../Core/Src/main.c" -mcpu=cortex-m3 -std=gnu11 -g3 -DDEBUG -DUSE_HAL_DRIVER -DSTM32F103xB -c -I../Core/Inc -I../Drivers/STM32F1xx_HAL_Driver/Inc/Legacy -I../Drivers/STM32F1xx_HAL_Driver/Inc -I../Drivers/CMSIS/Device/ST/STM32F1xx/Include -I../Drivers/CMSIS/Include -O0 -ffunction-sections -fdata-sections -Wall -fstack-usage -fcyclomatic-complexity -MMD -MP -MF"Core/Src/main.d" -MT"Core/Src/main.o" --specs=nano.specs -mfloat-abi=soft -mthumb -o "Core/Src/main.o"
arm-none-eabi-gcc "../Core/Src/stm32f1xx_hal_msp.c" -mcpu=cortex-m3 -std=gnu11 -g3 -DDEBUG -DUSE_HAL_DRIVER -DSTM32F103xB -c -I../Core/Inc -I../Drivers/STM32F1xx_HAL_Driver/Inc/Legacy -I../Drivers/STM32F1xx_HAL_Driver/Inc -I../Drivers/CMSIS/Device/ST/STM32F1xx/Include -I../Drivers/CMSIS/Include -O0 -ffunction-sections -fdata-sections -Wall -fstack-usage -fcyclomatic-complexity -MMD -MP -MF"Core/Src/stm32f1xx_hal_msp.d" -MT"Core/Src/stm32f1xx_hal_msp.o" --specs=nano.specs -mfloat-abi=soft -mthumb -o "Core/Src/stm32f1xx_hal_msp.o"
arm-none-eabi-gcc "../Core/Src/stm32f1xx_it.c" -mcpu=cortex-m3 -std=gnu11 -g3 -DDEBUG -DUSE_HAL_DRIVER -DSTM32F103xB -c -I../Core/Inc -I../Drivers/STM32F1xx_HAL_Driver/Inc/Legacy -I../Drivers/STM32F1xx_HAL_Driver/Inc -I../Drivers/CMSIS/Device/ST/STM32F1xx/Include -I../Drivers/CMSIS/Include -O0 -ffunction-sections -fdata-sections -Wall -fstack-usage -fcyclomatic-complexity -MMD -MP -MF"Core/Src/stm32f1xx_it.d" -MT"Core/Src/stm32f1xx_it.o" --specs=nano.specs -mfloat-abi=soft -mthumb -o "Core/Src/stm32f1xx_it.o"
In file included from ../Core/Src/main.c:20:
../Core/Inc/main.h:104:9: error: redeclaration of enumerator 'ERROR'
  104 |         ERROR
      |         ^~~~~
In file included from ../Drivers/STM32F1xx_HAL_Driver/Inc/stm32f1xx_hal_def.h:29,
                 from ../Drivers/STM32F1xx_HAL_Driver/Inc/stm32f1xx_hal_rcc.h:27,
                 from ../Core/Inc/stm32f1xx_hal_conf.h:238,
                 from ../Drivers/STM32F1xx_HAL_Driver/Inc/stm32f1xx_hal.h:29,
                 from ../Core/Inc/main.h:30,
                 from ../Core/Src/main.c:20:
../Drivers/CMSIS/Device/ST/STM32F1xx/Include/stm32f1xx.h:166:3: note: previous definition of 'ERROR' with type 'enum <anonymous>'
  166 |   ERROR = !SUCCESS
      |   ^~~~~
../Core/Src/main.c: In function 'main':
../Core/Src/main.c:158:37: error: invalid type argument of unary '*' (have 'int')
  158 |                         Request_SQL(*runState);
      |                                     ^~~~~~~~~
../Core/Src/main.c:161:36: error: invalid type argument of unary '*' (have 'int')
  161 |                         Controller(*runState);
      |                                    ^~~~~~~~~
../Core/Src/main.c:164:37: error: invalid type argument of unary '*' (have 'int')
  164 |                         ReadModules(*runState);
      |                                     ^~~~~~~~~
../Core/Src/main.c:153:19: warning: unused variable 'safeRun' [-Wunused-variable]
  153 |     StatusTypeDef safeRun;
      |                   ^~~~~~~
../Core/Src/main.c: In function 'InitSystem':
../Core/Src/main.c:399:9: error: too few arguments to function 'HandShake'
  399 |         HandShake();
      |         ^~~~~~~~~
../Core/Src/main.c:76:15: note: declared here
   76 | StatusTypeDef HandShake(StateTypeDef*);
      |               ^~~~~~~~~
../Core/Src/main.c:400:9: error: too few arguments to function 'ReadModules'
  400 |         ReadModules();
      |         ^~~~~~~~~~~
../Core/Src/main.c:79:15: note: declared here
   79 | StatusTypeDef ReadModules(StateTypeDef*);
      |               ^~~~~~~~~~~
../Core/Src/main.c:401:9: error: too few arguments to function 'Request_SQL'
  401 |         Request_SQL();
      |         ^~~~~~~~~~~
../Core/Src/main.c:77:15: note: declared here
   77 | StatusTypeDef Request_SQL(StateTypeDef*);
      |               ^~~~~~~~~~~
../Core/Src/main.c:402:9: error: too few arguments to function 'Controller'
  402 |         Controller();
      |         ^~~~~~~~~~
../Core/Src/main.c:78:15: note: declared here
   78 | StatusTypeDef Controller(StateTypeDef*);
      |               ^~~~~~~~~~
../Core/Src/main.c: In function 'motionTrack':
../Core/Src/main.c:488:27: warning: comparison between 'GPIO_PinState' and 'enum <anonymous>' [-Wenum-compare]
  488 |         if(motionDetected == SET)
      |                           ^~
../Core/Src/main.c: In function 'gasTrack':
../Core/Src/main.c:513:25: warning: '0' flag ignored with precision and '%d' gnu_printf format [-Wformat=]
  513 |           sprintf(data, "current gas value: %0.2d\r\n", gasVal);
      |                         ^~~~~~~~~~~~~~~~~~~~~~~~~~~~~~
../Core/Src/main.c:513:49: warning: format '%d' expects argument of type 'int', but argument 3 has type 'double' [-Wformat=]
  513 |           sprintf(data, "current gas value: %0.2d\r\n", gasVal);
      |                                             ~~~~^       ~~~~~~
      |                                                 |       |
      |                                                 int     double
      |                                             %0.2f
../Core/Src/main.c: In function 'SleepMode':
../Core/Src/main.c:429:1: warning: control reaches end of non-void function [-Wreturn-type]
  429 | }
      | ^
../Core/Src/main.c: In function 'WakeUPMode':
../Core/Src/main.c:434:1: warning: control reaches end of non-void function [-Wreturn-type]
  434 | }
      | ^
In file included from ../Core/Src/stm32f1xx_hal_msp.c:22:
../Core/Inc/main.h:104:9: error: redeclaration of enumerator 'ERROR'
  104 |         ERROR
      |         ^~~~~
In file included from ../Drivers/STM32F1xx_HAL_Driver/Inc/stm32f1xx_hal_def.h:29,
                 from ../Drivers/STM32F1xx_HAL_Driver/Inc/stm32f1xx_hal_rcc.h:27,
                 from ../Core/Inc/stm32f1xx_hal_conf.h:238,
                 from ../Drivers/STM32F1xx_HAL_Driver/Inc/stm32f1xx_hal.h:29,
                 from ../Core/Inc/main.h:30,
                 from ../Core/Src/stm32f1xx_hal_msp.c:22:
../Drivers/CMSIS/Device/ST/STM32F1xx/Include/stm32f1xx.h:166:3: note: previous definition of 'ERROR' with type 'enum <anonymous>'
  166 |   ERROR = !SUCCESS
      |   ^~~~~
In file included from ../Core/Src/stm32f1xx_it.c:21:
../Core/Inc/main.h:104:9: error: redeclaration of enumerator 'ERROR'
  104 |         ERROR
      |         ^~~~~
In file included from ../Drivers/STM32F1xx_HAL_Driver/Inc/stm32f1xx_hal_def.h:29,
                 from ../Drivers/STM32F1xx_HAL_Driver/Inc/stm32f1xx_hal_rcc.h:27,
                 from ../Core/Inc/stm32f1xx_hal_conf.h:238,
                 from ../Drivers/STM32F1xx_HAL_Driver/Inc/stm32f1xx_hal.h:29,
                 from ../Core/Inc/main.h:30,
                 from ../Core/Src/stm32f1xx_it.c:21:
../Drivers/CMSIS/Device/ST/STM32F1xx/Include/stm32f1xx.h:166:3: note: previous definition of 'ERROR' with type 'enum <anonymous>'
  166 |   ERROR = !SUCCESS
      |   ^~~~~
make: *** [Core/Src/subdir.mk:34: Core/Src/main.o] Error 1
make: *** Waiting for unfinished jobs....
make: *** [Core/Src/subdir.mk:34: Core/Src/stm32f1xx_hal_msp.o] Error 1
make: *** [Core/Src/subdir.mk:34: Core/Src/stm32f1xx_it.o] Error 1
"make -j8 all" terminated with exit code 2. Build might be incomplete.
16:49:32 **** Incremental Build of configuration Debug for project STMain ****
make -j8 all 
arm-none-eabi-gcc "../Core/Src/main.c" -mcpu=cortex-m3 -std=gnu11 -g3 -DDEBUG -DUSE_HAL_DRIVER -DSTM32F103xB -c -I../Core/Inc -I../Drivers/STM32F1xx_HAL_Driver/Inc/Legacy -I../Drivers/STM32F1xx_HAL_Driver/Inc -I../Drivers/CMSIS/Device/ST/STM32F1xx/Include -I../Drivers/CMSIS/Include -O0 -ffunction-sections -fdata-sections -Wall -fstack-usage -fcyclomatic-complexity -MMD -MP -MF"Core/Src/main.d" -MT"Core/Src/main.o" --specs=nano.specs -mfloat-abi=soft -mthumb -o "Core/Src/main.o"
arm-none-eabi-gcc "../Core/Src/stm32f1xx_hal_msp.c" -mcpu=cortex-m3 -std=gnu11 -g3 -DDEBUG -DUSE_HAL_DRIVER -DSTM32F103xB -c -I../Core/Inc -I../Drivers/STM32F1xx_HAL_Driver/Inc/Legacy -I../Drivers/STM32F1xx_HAL_Driver/Inc -I../Drivers/CMSIS/Device/ST/STM32F1xx/Include -I../Drivers/CMSIS/Include -O0 -ffunction-sections -fdata-sections -Wall -fstack-usage -fcyclomatic-complexity -MMD -MP -MF"Core/Src/stm32f1xx_hal_msp.d" -MT"Core/Src/stm32f1xx_hal_msp.o" --specs=nano.specs -mfloat-abi=soft -mthumb -o "Core/Src/stm32f1xx_hal_msp.o"
arm-none-eabi-gcc "../Core/Src/stm32f1xx_it.c" -mcpu=cortex-m3 -std=gnu11 -g3 -DDEBUG -DUSE_HAL_DRIVER -DSTM32F103xB -c -I../Core/Inc -I../Drivers/STM32F1xx_HAL_Driver/Inc/Legacy -I../Drivers/STM32F1xx_HAL_Driver/Inc -I../Drivers/CMSIS/Device/ST/STM32F1xx/Include -I../Drivers/CMSIS/Include -O0 -ffunction-sections -fdata-sections -Wall -fstack-usage -fcyclomatic-complexity -MMD -MP -MF"Core/Src/stm32f1xx_it.d" -MT"Core/Src/stm32f1xx_it.o" --specs=nano.specs -mfloat-abi=soft -mthumb -o "Core/Src/stm32f1xx_it.o"
In file included from ../Core/Src/main.c:20:
../Core/Inc/main.h:104:9: error: redeclaration of enumerator 'ERROR'
  104 |         ERROR
      |         ^~~~~
In file included from ../Drivers/STM32F1xx_HAL_Driver/Inc/stm32f1xx_hal_def.h:29,
                 from ../Drivers/STM32F1xx_HAL_Driver/Inc/stm32f1xx_hal_rcc.h:27,
                 from ../Core/Inc/stm32f1xx_hal_conf.h:238,
                 from ../Drivers/STM32F1xx_HAL_Driver/Inc/stm32f1xx_hal.h:29,
                 from ../Core/Inc/main.h:30,
                 from ../Core/Src/main.c:20:
../Drivers/CMSIS/Device/ST/STM32F1xx/Include/stm32f1xx.h:166:3: note: previous definition of 'ERROR' with type 'enum <anonymous>'
  166 |   ERROR = !SUCCESS
      |   ^~~~~
../Core/Src/main.c: In function 'main':
../Core/Src/main.c:153:19: warning: unused variable 'safeRun' [-Wunused-variable]
  153 |     StatusTypeDef safeRun;
      |                   ^~~~~~~
../Core/Src/main.c: In function 'InitSystem':
../Core/Src/main.c:399:9: error: too few arguments to function 'HandShake'
  399 |         HandShake();
      |         ^~~~~~~~~
../Core/Src/main.c:76:15: note: declared here
   76 | StatusTypeDef HandShake(StateTypeDef*);
      |               ^~~~~~~~~
../Core/Src/main.c:400:9: error: too few arguments to function 'ReadModules'
  400 |         ReadModules();
      |         ^~~~~~~~~~~
../Core/Src/main.c:79:15: note: declared here
   79 | StatusTypeDef ReadModules(StateTypeDef*);
      |               ^~~~~~~~~~~
../Core/Src/main.c:401:9: error: too few arguments to function 'Request_SQL'
  401 |         Request_SQL();
      |         ^~~~~~~~~~~
../Core/Src/main.c:77:15: note: declared here
   77 | StatusTypeDef Request_SQL(StateTypeDef*);
      |               ^~~~~~~~~~~
../Core/Src/main.c:402:9: error: too few arguments to function 'Controller'
  402 |         Controller();
      |         ^~~~~~~~~~
../Core/Src/main.c:78:15: note: declared here
   78 | StatusTypeDef Controller(StateTypeDef*);
      |               ^~~~~~~~~~
../Core/Src/main.c: In function 'motionTrack':
../Core/Src/main.c:488:27: warning: comparison between 'GPIO_PinState' and 'enum <anonymous>' [-Wenum-compare]
  488 |         if(motionDetected == SET)
      |                           ^~
../Core/Src/main.c: In function 'gasTrack':
../Core/Src/main.c:513:25: warning: '0' flag ignored with precision and '%d' gnu_printf format [-Wformat=]
  513 |           sprintf(data, "current gas value: %0.2d\r\n", gasVal);
      |                         ^~~~~~~~~~~~~~~~~~~~~~~~~~~~~~
../Core/Src/main.c:513:49: warning: format '%d' expects argument of type 'int', but argument 3 has type 'double' [-Wformat=]
  513 |           sprintf(data, "current gas value: %0.2d\r\n", gasVal);
      |                                             ~~~~^       ~~~~~~
      |                                                 |       |
      |                                                 int     double
      |                                             %0.2f
../Core/Src/main.c: In function 'SleepMode':
../Core/Src/main.c:429:1: warning: control reaches end of non-void function [-Wreturn-type]
  429 | }
      | ^
../Core/Src/main.c: In function 'WakeUPMode':
../Core/Src/main.c:434:1: warning: control reaches end of non-void function [-Wreturn-type]
  434 | }
      | ^
make: *** [Core/Src/subdir.mk:34: Core/Src/main.o] Error 1
In file included from ../Core/Src/stm32f1xx_hal_msp.c:22:
../Core/Inc/main.h:104:9: error: redeclaration of enumerator 'ERROR'
  104 |         ERROR
      |         ^~~~~
make: *** Waiting for unfinished jobs....
In file included from ../Drivers/STM32F1xx_HAL_Driver/Inc/stm32f1xx_hal_def.h:29,
                 from ../Drivers/STM32F1xx_HAL_Driver/Inc/stm32f1xx_hal_rcc.h:27,
                 from ../Core/Inc/stm32f1xx_hal_conf.h:238,
                 from ../Drivers/STM32F1xx_HAL_Driver/Inc/stm32f1xx_hal.h:29,
                 from ../Core/Inc/main.h:30,
                 from ../Core/Src/stm32f1xx_hal_msp.c:22:
../Drivers/CMSIS/Device/ST/STM32F1xx/Include/stm32f1xx.h:166:3: note: previous definition of 'ERROR' with type 'enum <anonymous>'
  166 |   ERROR = !SUCCESS
      |   ^~~~~
In file included from ../Core/Src/stm32f1xx_it.c:21:
../Core/Inc/main.h:104:9: error: redeclaration of enumerator 'ERROR'
  104 |         ERROR
      |         ^~~~~
In file included from ../Drivers/STM32F1xx_HAL_Driver/Inc/stm32f1xx_hal_def.h:29,
                 from ../Drivers/STM32F1xx_HAL_Driver/Inc/stm32f1xx_hal_rcc.h:27,
                 from ../Core/Inc/stm32f1xx_hal_conf.h:238,
                 from ../Drivers/STM32F1xx_HAL_Driver/Inc/stm32f1xx_hal.h:29,
                 from ../Core/Inc/main.h:30,
                 from ../Core/Src/stm32f1xx_it.c:21:
../Drivers/CMSIS/Device/ST/STM32F1xx/Include/stm32f1xx.h:166:3: note: previous definition of 'ERROR' with type 'enum <anonymous>'
  166 |   ERROR = !SUCCESS
      |   ^~~~~
make: *** [Core/Src/subdir.mk:34: Core/Src/stm32f1xx_hal_msp.o] Error 1
make: *** [Core/Src/subdir.mk:34: Core/Src/stm32f1xx_it.o] Error 1
"make -j8 all" terminated with exit code 2. Build might be incomplete.
16:50:11 **** Incremental Build of configuration Debug for project STMain ****
make -j8 all 
arm-none-eabi-gcc "../Core/Src/main.c" -mcpu=cortex-m3 -std=gnu11 -g3 -DDEBUG -DUSE_HAL_DRIVER -DSTM32F103xB -c -I../Core/Inc -I../Drivers/STM32F1xx_HAL_Driver/Inc/Legacy -I../Drivers/STM32F1xx_HAL_Driver/Inc -I../Drivers/CMSIS/Device/ST/STM32F1xx/Include -I../Drivers/CMSIS/Include -O0 -ffunction-sections -fdata-sections -Wall -fstack-usage -fcyclomatic-complexity -MMD -MP -MF"Core/Src/main.d" -MT"Core/Src/main.o" --specs=nano.specs -mfloat-abi=soft -mthumb -o "Core/Src/main.o"
arm-none-eabi-gcc "../Core/Src/stm32f1xx_hal_msp.c" -mcpu=cortex-m3 -std=gnu11 -g3 -DDEBUG -DUSE_HAL_DRIVER -DSTM32F103xB -c -I../Core/Inc -I../Drivers/STM32F1xx_HAL_Driver/Inc/Legacy -I../Drivers/STM32F1xx_HAL_Driver/Inc -I../Drivers/CMSIS/Device/ST/STM32F1xx/Include -I../Drivers/CMSIS/Include -O0 -ffunction-sections -fdata-sections -Wall -fstack-usage -fcyclomatic-complexity -MMD -MP -MF"Core/Src/stm32f1xx_hal_msp.d" -MT"Core/Src/stm32f1xx_hal_msp.o" --specs=nano.specs -mfloat-abi=soft -mthumb -o "Core/Src/stm32f1xx_hal_msp.o"
arm-none-eabi-gcc "../Core/Src/stm32f1xx_it.c" -mcpu=cortex-m3 -std=gnu11 -g3 -DDEBUG -DUSE_HAL_DRIVER -DSTM32F103xB -c -I../Core/Inc -I../Drivers/STM32F1xx_HAL_Driver/Inc/Legacy -I../Drivers/STM32F1xx_HAL_Driver/Inc -I../Drivers/CMSIS/Device/ST/STM32F1xx/Include -I../Drivers/CMSIS/Include -O0 -ffunction-sections -fdata-sections -Wall -fstack-usage -fcyclomatic-complexity -MMD -MP -MF"Core/Src/stm32f1xx_it.d" -MT"Core/Src/stm32f1xx_it.o" --specs=nano.specs -mfloat-abi=soft -mthumb -o "Core/Src/stm32f1xx_it.o"
In file included from ../Core/Src/main.c:20:
../Core/Inc/main.h:104:9: error: redeclaration of enumerator 'ERROR'
  104 |         ERROR
      |         ^~~~~
In file included from ../Drivers/STM32F1xx_HAL_Driver/Inc/stm32f1xx_hal_def.h:29,
                 from ../Drivers/STM32F1xx_HAL_Driver/Inc/stm32f1xx_hal_rcc.h:27,
                 from ../Core/Inc/stm32f1xx_hal_conf.h:238,
                 from ../Drivers/STM32F1xx_HAL_Driver/Inc/stm32f1xx_hal.h:29,
                 from ../Core/Inc/main.h:30,
                 from ../Core/Src/main.c:20:
../Drivers/CMSIS/Device/ST/STM32F1xx/Include/stm32f1xx.h:166:3: note: previous definition of 'ERROR' with type 'enum <anonymous>'
  166 |   ERROR = !SUCCESS
      |   ^~~~~
../Core/Src/main.c: In function 'main':
../Core/Src/main.c:153:19: warning: unused variable 'safeRun' [-Wunused-variable]
  153 |     StatusTypeDef safeRun;
      |                   ^~~~~~~
../Core/Src/main.c: At top level:
../Core/Src/main.c:396:15: error: conflicting types for 'InitSystem'; have 'StatusTypeDef(StateTypeDef *)'
  396 | StatusTypeDef InitSystem(StateTypeDef* runState)
      |               ^~~~~~~~~~
../Core/Src/main.c:75:15: note: previous declaration of 'InitSystem' with type 'StatusTypeDef(void)'
   75 | StatusTypeDef InitSystem(void);
      |               ^~~~~~~~~~
../Core/Src/main.c: In function 'motionTrack':
../Core/Src/main.c:488:27: warning: comparison between 'GPIO_PinState' and 'enum <anonymous>' [-Wenum-compare]
  488 |         if(motionDetected == SET)
      |                           ^~
../Core/Src/main.c: In function 'gasTrack':
../Core/Src/main.c:513:25: warning: '0' flag ignored with precision and '%d' gnu_printf format [-Wformat=]
  513 |           sprintf(data, "current gas value: %0.2d\r\n", gasVal);
      |                         ^~~~~~~~~~~~~~~~~~~~~~~~~~~~~~
../Core/Src/main.c:513:49: warning: format '%d' expects argument of type 'int', but argument 3 has type 'double' [-Wformat=]
  513 |           sprintf(data, "current gas value: %0.2d\r\n", gasVal);
      |                                             ~~~~^       ~~~~~~
      |                                                 |       |
      |                                                 int     double
      |                                             %0.2f
In file included from ../Core/Src/stm32f1xx_hal_msp.c:22:
../Core/Inc/main.h:104:9: error: redeclaration of enumerator 'ERROR'
  104 |         ERROR
      |         ^~~~~
In file included from ../Drivers/STM32F1xx_HAL_Driver/Inc/stm32f1xx_hal_def.h:29,
                 from ../Drivers/STM32F1xx_HAL_Driver/Inc/stm32f1xx_hal_rcc.h:27,
                 from ../Core/Inc/stm32f1xx_hal_conf.h:238,
                 from ../Drivers/STM32F1xx_HAL_Driver/Inc/stm32f1xx_hal.h:29,
                 from ../Core/Inc/main.h:30,
                 from ../Core/Src/stm32f1xx_hal_msp.c:22:
../Drivers/CMSIS/Device/ST/STM32F1xx/Include/stm32f1xx.h:166:3: note: previous definition of 'ERROR' with type 'enum <anonymous>'
  166 |   ERROR = !SUCCESS
      |   ^~~~~
../Core/Src/main.c: In function 'SleepMode':
../Core/Src/main.c:429:1: warning: control reaches end of non-void function [-Wreturn-type]
  429 | }
      | ^
../Core/Src/main.c: In function 'WakeUPMode':
../Core/Src/main.c:434:1: warning: control reaches end of non-void function [-Wreturn-type]
  434 | }
      | ^
In file included from ../Core/Src/stm32f1xx_it.c:21:
../Core/Inc/main.h:104:9: error: redeclaration of enumerator 'ERROR'
  104 |         ERROR
      |         ^~~~~
In file included from ../Drivers/STM32F1xx_HAL_Driver/Inc/stm32f1xx_hal_def.h:29,
                 from ../Drivers/STM32F1xx_HAL_Driver/Inc/stm32f1xx_hal_rcc.h:27,
                 from ../Core/Inc/stm32f1xx_hal_conf.h:238,
                 from ../Drivers/STM32F1xx_HAL_Driver/Inc/stm32f1xx_hal.h:29,
                 from ../Core/Inc/main.h:30,
                 from ../Core/Src/stm32f1xx_it.c:21:
../Drivers/CMSIS/Device/ST/STM32F1xx/Include/stm32f1xx.h:166:3: note: previous definition of 'ERROR' with type 'enum <anonymous>'
  166 |   ERROR = !SUCCESS
      |   ^~~~~
make: *** [Core/Src/subdir.mk:34: Core/Src/stm32f1xx_hal_msp.o] Error 1
make: *** Waiting for unfinished jobs....
make: *** [Core/Src/subdir.mk:34: Core/Src/main.o] Error 1
make: *** [Core/Src/subdir.mk:34: Core/Src/stm32f1xx_it.o] Error 1
"make -j8 all" terminated with exit code 2. Build might be incomplete.
16:50:28 **** Incremental Build of configuration Debug for project STMain ****
make -j8 all 
arm-none-eabi-gcc "../Core/Src/main.c" -mcpu=cortex-m3 -std=gnu11 -g3 -DDEBUG -DUSE_HAL_DRIVER -DSTM32F103xB -c -I../Core/Inc -I../Drivers/STM32F1xx_HAL_Driver/Inc/Legacy -I../Drivers/STM32F1xx_HAL_Driver/Inc -I../Drivers/CMSIS/Device/ST/STM32F1xx/Include -I../Drivers/CMSIS/Include -O0 -ffunction-sections -fdata-sections -Wall -fstack-usage -fcyclomatic-complexity -MMD -MP -MF"Core/Src/main.d" -MT"Core/Src/main.o" --specs=nano.specs -mfloat-abi=soft -mthumb -o "Core/Src/main.o"
arm-none-eabi-gcc "../Core/Src/stm32f1xx_hal_msp.c" -mcpu=cortex-m3 -std=gnu11 -g3 -DDEBUG -DUSE_HAL_DRIVER -DSTM32F103xB -c -I../Core/Inc -I../Drivers/STM32F1xx_HAL_Driver/Inc/Legacy -I../Drivers/STM32F1xx_HAL_Driver/Inc -I../Drivers/CMSIS/Device/ST/STM32F1xx/Include -I../Drivers/CMSIS/Include -O0 -ffunction-sections -fdata-sections -Wall -fstack-usage -fcyclomatic-complexity -MMD -MP -MF"Core/Src/stm32f1xx_hal_msp.d" -MT"Core/Src/stm32f1xx_hal_msp.o" --specs=nano.specs -mfloat-abi=soft -mthumb -o "Core/Src/stm32f1xx_hal_msp.o"
arm-none-eabi-gcc "../Core/Src/stm32f1xx_it.c" -mcpu=cortex-m3 -std=gnu11 -g3 -DDEBUG -DUSE_HAL_DRIVER -DSTM32F103xB -c -I../Core/Inc -I../Drivers/STM32F1xx_HAL_Driver/Inc/Legacy -I../Drivers/STM32F1xx_HAL_Driver/Inc -I../Drivers/CMSIS/Device/ST/STM32F1xx/Include -I../Drivers/CMSIS/Include -O0 -ffunction-sections -fdata-sections -Wall -fstack-usage -fcyclomatic-complexity -MMD -MP -MF"Core/Src/stm32f1xx_it.d" -MT"Core/Src/stm32f1xx_it.o" --specs=nano.specs -mfloat-abi=soft -mthumb -o "Core/Src/stm32f1xx_it.o"
In file included from ../Core/Src/main.c:20:
../Core/Inc/main.h:104:9: error: redeclaration of enumerator 'ERROR'
  104 |         ERROR
      |         ^~~~~
In file included from ../Drivers/STM32F1xx_HAL_Driver/Inc/stm32f1xx_hal_def.h:29,
                 from ../Drivers/STM32F1xx_HAL_Driver/Inc/stm32f1xx_hal_rcc.h:27,
                 from ../Core/Inc/stm32f1xx_hal_conf.h:238,
                 from ../Drivers/STM32F1xx_HAL_Driver/Inc/stm32f1xx_hal.h:29,
                 from ../Core/Inc/main.h:30,
                 from ../Core/Src/main.c:20:
../Drivers/CMSIS/Device/ST/STM32F1xx/Include/stm32f1xx.h:166:3: note: previous definition of 'ERROR' with type 'enum <anonymous>'
  166 |   ERROR = !SUCCESS
      |   ^~~~~
../Core/Src/main.c: In function 'main':
../Core/Src/main.c:134:3: error: too few arguments to function 'InitSystem'
  134 |   InitSystem();
      |   ^~~~~~~~~~
../Core/Src/main.c:75:15: note: declared here
   75 | StatusTypeDef InitSystem(StateTypeDef*);
      |               ^~~~~~~~~~
../Core/Src/main.c:153:19: warning: unused variable 'safeRun' [-Wunused-variable]
  153 |     StatusTypeDef safeRun;
      |                   ^~~~~~~
../Core/Src/main.c: In function 'motionTrack':
../Core/Src/main.c:488:27: warning: comparison between 'GPIO_PinState' and 'enum <anonymous>' [-Wenum-compare]
  488 |         if(motionDetected == SET)
      |                           ^~
../Core/Src/main.c: In function 'gasTrack':
../Core/Src/main.c:513:25: warning: '0' flag ignored with precision and '%d' gnu_printf format [-Wformat=]
  513 |           sprintf(data, "current gas value: %0.2d\r\n", gasVal);
      |                         ^~~~~~~~~~~~~~~~~~~~~~~~~~~~~~
../Core/Src/main.c:513:49: warning: format '%d' expects argument of type 'int', but argument 3 has type 'double' [-Wformat=]
  513 |           sprintf(data, "current gas value: %0.2d\r\n", gasVal);
      |                                             ~~~~^       ~~~~~~
      |                                                 |       |
      |                                                 int     double
      |                                             %0.2f
In file included from ../Core/Src/stm32f1xx_hal_msp.c:22:
../Core/Inc/main.h:104:9: error: redeclaration of enumerator 'ERROR'
  104 |         ERROR
      |         ^~~~~
In file included from ../Drivers/STM32F1xx_HAL_Driver/Inc/stm32f1xx_hal_def.h:29,
                 from ../Drivers/STM32F1xx_HAL_Driver/Inc/stm32f1xx_hal_rcc.h:27,
                 from ../Core/Inc/stm32f1xx_hal_conf.h:238,
                 from ../Drivers/STM32F1xx_HAL_Driver/Inc/stm32f1xx_hal.h:29,
                 from ../Core/Inc/main.h:30,
                 from ../Core/Src/stm32f1xx_hal_msp.c:22:
../Drivers/CMSIS/Device/ST/STM32F1xx/Include/stm32f1xx.h:166:3: note: previous definition of 'ERROR' with type 'enum <anonymous>'
  166 |   ERROR = !SUCCESS
      |   ^~~~~
../Core/Src/main.c: In function 'SleepMode':
../Core/Src/main.c:429:1: warning: control reaches end of non-void function [-Wreturn-type]
  429 | }
      | ^
../Core/Src/main.c: In function 'WakeUPMode':
../Core/Src/main.c:434:1: warning: control reaches end of non-void function [-Wreturn-type]
  434 | }
      | ^
make: *** [Core/Src/subdir.mk:34: Core/Src/stm32f1xx_hal_msp.o] Error 1
make: *** Waiting for unfinished jobs....
make: *** [Core/Src/subdir.mk:34: Core/Src/main.o] Error 1
In file included from ../Core/Src/stm32f1xx_it.c:21:
../Core/Inc/main.h:104:9: error: redeclaration of enumerator 'ERROR'
  104 |         ERROR
      |         ^~~~~
In file included from ../Drivers/STM32F1xx_HAL_Driver/Inc/stm32f1xx_hal_def.h:29,
                 from ../Drivers/STM32F1xx_HAL_Driver/Inc/stm32f1xx_hal_rcc.h:27,
                 from ../Core/Inc/stm32f1xx_hal_conf.h:238,
                 from ../Drivers/STM32F1xx_HAL_Driver/Inc/stm32f1xx_hal.h:29,
                 from ../Core/Inc/main.h:30,
                 from ../Core/Src/stm32f1xx_it.c:21:
../Drivers/CMSIS/Device/ST/STM32F1xx/Include/stm32f1xx.h:166:3: note: previous definition of 'ERROR' with type 'enum <anonymous>'
  166 |   ERROR = !SUCCESS
      |   ^~~~~
make: *** [Core/Src/subdir.mk:34: Core/Src/stm32f1xx_it.o] Error 1
"make -j8 all" terminated with exit code 2. Build might be incomplete.
16:51:03 **** Incremental Build of configuration Debug for project STMain ****
make -j8 all 
arm-none-eabi-gcc "../Core/Src/main.c" -mcpu=cortex-m3 -std=gnu11 -g3 -DDEBUG -DUSE_HAL_DRIVER -DSTM32F103xB -c -I../Core/Inc -I../Drivers/STM32F1xx_HAL_Driver/Inc/Legacy -I../Drivers/STM32F1xx_HAL_Driver/Inc -I../Drivers/CMSIS/Device/ST/STM32F1xx/Include -I../Drivers/CMSIS/Include -O0 -ffunction-sections -fdata-sections -Wall -fstack-usage -fcyclomatic-complexity -MMD -MP -MF"Core/Src/main.d" -MT"Core/Src/main.o" --specs=nano.specs -mfloat-abi=soft -mthumb -o "Core/Src/main.o"
arm-none-eabi-gcc "../Core/Src/stm32f1xx_hal_msp.c" -mcpu=cortex-m3 -std=gnu11 -g3 -DDEBUG -DUSE_HAL_DRIVER -DSTM32F103xB -c -I../Core/Inc -I../Drivers/STM32F1xx_HAL_Driver/Inc/Legacy -I../Drivers/STM32F1xx_HAL_Driver/Inc -I../Drivers/CMSIS/Device/ST/STM32F1xx/Include -I../Drivers/CMSIS/Include -O0 -ffunction-sections -fdata-sections -Wall -fstack-usage -fcyclomatic-complexity -MMD -MP -MF"Core/Src/stm32f1xx_hal_msp.d" -MT"Core/Src/stm32f1xx_hal_msp.o" --specs=nano.specs -mfloat-abi=soft -mthumb -o "Core/Src/stm32f1xx_hal_msp.o"
arm-none-eabi-gcc "../Core/Src/stm32f1xx_it.c" -mcpu=cortex-m3 -std=gnu11 -g3 -DDEBUG -DUSE_HAL_DRIVER -DSTM32F103xB -c -I../Core/Inc -I../Drivers/STM32F1xx_HAL_Driver/Inc/Legacy -I../Drivers/STM32F1xx_HAL_Driver/Inc -I../Drivers/CMSIS/Device/ST/STM32F1xx/Include -I../Drivers/CMSIS/Include -O0 -ffunction-sections -fdata-sections -Wall -fstack-usage -fcyclomatic-complexity -MMD -MP -MF"Core/Src/stm32f1xx_it.d" -MT"Core/Src/stm32f1xx_it.o" --specs=nano.specs -mfloat-abi=soft -mthumb -o "Core/Src/stm32f1xx_it.o"
In file included from ../Core/Src/main.c:20:
../Core/Inc/main.h:104:9: error: redeclaration of enumerator 'ERROR'
  104 |         ERROR
      |         ^~~~~
In file included from ../Drivers/STM32F1xx_HAL_Driver/Inc/stm32f1xx_hal_def.h:29,
                 from ../Drivers/STM32F1xx_HAL_Driver/Inc/stm32f1xx_hal_rcc.h:27,
                 from ../Core/Inc/stm32f1xx_hal_conf.h:238,
                 from ../Drivers/STM32F1xx_HAL_Driver/Inc/stm32f1xx_hal.h:29,
                 from ../Core/Inc/main.h:30,
                 from ../Core/Src/main.c:20:
../Drivers/CMSIS/Device/ST/STM32F1xx/Include/stm32f1xx.h:166:3: note: previous definition of 'ERROR' with type 'enum <anonymous>'
  166 |   ERROR = !SUCCESS
      |   ^~~~~
../Core/Src/main.c: In function 'main':
../Core/Src/main.c:155:19: warning: unused variable 'safeRun' [-Wunused-variable]
  155 |     StatusTypeDef safeRun;
      |                   ^~~~~~~
../Core/Src/main.c: In function 'motionTrack':
../Core/Src/main.c:490:27: warning: comparison between 'GPIO_PinState' and 'enum <anonymous>' [-Wenum-compare]
  490 |         if(motionDetected == SET)
      |                           ^~
../Core/Src/main.c: In function 'gasTrack':
../Core/Src/main.c:515:25: warning: '0' flag ignored with precision and '%d' gnu_printf format [-Wformat=]
  515 |           sprintf(data, "current gas value: %0.2d\r\n", gasVal);
      |                         ^~~~~~~~~~~~~~~~~~~~~~~~~~~~~~
../Core/Src/main.c:515:49: warning: format '%d' expects argument of type 'int', but argument 3 has type 'double' [-Wformat=]
  515 |           sprintf(data, "current gas value: %0.2d\r\n", gasVal);
      |                                             ~~~~^       ~~~~~~
      |                                                 |       |
      |                                                 int     double
      |                                             %0.2f
../Core/Src/main.c: In function 'SleepMode':
../Core/Src/main.c:431:1: warning: control reaches end of non-void function [-Wreturn-type]
  431 | }
      | ^
../Core/Src/main.c: In function 'WakeUPMode':
../Core/Src/main.c:436:1: warning: control reaches end of non-void function [-Wreturn-type]
  436 | }
      | ^
In file included from ../Core/Src/stm32f1xx_hal_msp.c:22:
../Core/Inc/main.h:104:9: error: redeclaration of enumerator 'ERROR'
  104 |         ERROR
      |         ^~~~~
In file included from ../Drivers/STM32F1xx_HAL_Driver/Inc/stm32f1xx_hal_def.h:29,
                 from ../Drivers/STM32F1xx_HAL_Driver/Inc/stm32f1xx_hal_rcc.h:27,
                 from ../Core/Inc/stm32f1xx_hal_conf.h:238,
                 from ../Drivers/STM32F1xx_HAL_Driver/Inc/stm32f1xx_hal.h:29,
                 from ../Core/Inc/main.h:30,
                 from ../Core/Src/stm32f1xx_hal_msp.c:22:
../Drivers/CMSIS/Device/ST/STM32F1xx/Include/stm32f1xx.h:166:3: note: previous definition of 'ERROR' with type 'enum <anonymous>'
  166 |   ERROR = !SUCCESS
      |   ^~~~~
make: *** [Core/Src/subdir.mk:34: Core/Src/main.o] Error 1
make: *** Waiting for unfinished jobs....
In file included from ../Core/Src/stm32f1xx_it.c:21:
../Core/Inc/main.h:104:9: error: redeclaration of enumerator 'ERROR'
  104 |         ERROR
      |         ^~~~~
In file included from ../Drivers/STM32F1xx_HAL_Driver/Inc/stm32f1xx_hal_def.h:29,
                 from ../Drivers/STM32F1xx_HAL_Driver/Inc/stm32f1xx_hal_rcc.h:27,
                 from ../Core/Inc/stm32f1xx_hal_conf.h:238,
                 from ../Drivers/STM32F1xx_HAL_Driver/Inc/stm32f1xx_hal.h:29,
                 from ../Core/Inc/main.h:30,
                 from ../Core/Src/stm32f1xx_it.c:21:
../Drivers/CMSIS/Device/ST/STM32F1xx/Include/stm32f1xx.h:166:3: note: previous definition of 'ERROR' with type 'enum <anonymous>'
  166 |   ERROR = !SUCCESS
      |   ^~~~~
make: *** [Core/Src/subdir.mk:34: Core/Src/stm32f1xx_hal_msp.o] Error 1
make: *** [Core/Src/subdir.mk:34: Core/Src/stm32f1xx_it.o] Error 1
"make -j8 all" terminated with exit code 2. Build might be incomplete.
16:51:20 **** Incremental Build of configuration Debug for project STMain ****
make -j8 all 
arm-none-eabi-gcc "../Core/Src/main.c" -mcpu=cortex-m3 -std=gnu11 -g3 -DDEBUG -DUSE_HAL_DRIVER -DSTM32F103xB -c -I../Core/Inc -I../Drivers/STM32F1xx_HAL_Driver/Inc/Legacy -I../Drivers/STM32F1xx_HAL_Driver/Inc -I../Drivers/CMSIS/Device/ST/STM32F1xx/Include -I../Drivers/CMSIS/Include -O0 -ffunction-sections -fdata-sections -Wall -fstack-usage -fcyclomatic-complexity -MMD -MP -MF"Core/Src/main.d" -MT"Core/Src/main.o" --specs=nano.specs -mfloat-abi=soft -mthumb -o "Core/Src/main.o"
arm-none-eabi-gcc "../Core/Src/stm32f1xx_hal_msp.c" -mcpu=cortex-m3 -std=gnu11 -g3 -DDEBUG -DUSE_HAL_DRIVER -DSTM32F103xB -c -I../Core/Inc -I../Drivers/STM32F1xx_HAL_Driver/Inc/Legacy -I../Drivers/STM32F1xx_HAL_Driver/Inc -I../Drivers/CMSIS/Device/ST/STM32F1xx/Include -I../Drivers/CMSIS/Include -O0 -ffunction-sections -fdata-sections -Wall -fstack-usage -fcyclomatic-complexity -MMD -MP -MF"Core/Src/stm32f1xx_hal_msp.d" -MT"Core/Src/stm32f1xx_hal_msp.o" --specs=nano.specs -mfloat-abi=soft -mthumb -o "Core/Src/stm32f1xx_hal_msp.o"
arm-none-eabi-gcc "../Core/Src/stm32f1xx_it.c" -mcpu=cortex-m3 -std=gnu11 -g3 -DDEBUG -DUSE_HAL_DRIVER -DSTM32F103xB -c -I../Core/Inc -I../Drivers/STM32F1xx_HAL_Driver/Inc/Legacy -I../Drivers/STM32F1xx_HAL_Driver/Inc -I../Drivers/CMSIS/Device/ST/STM32F1xx/Include -I../Drivers/CMSIS/Include -O0 -ffunction-sections -fdata-sections -Wall -fstack-usage -fcyclomatic-complexity -MMD -MP -MF"Core/Src/stm32f1xx_it.d" -MT"Core/Src/stm32f1xx_it.o" --specs=nano.specs -mfloat-abi=soft -mthumb -o "Core/Src/stm32f1xx_it.o"
In file included from ../Core/Src/main.c:20:
../Core/Inc/main.h:104:9: error: redeclaration of enumerator 'ERROR'
  104 |         ERROR,
      |         ^~~~~
In file included from ../Drivers/STM32F1xx_HAL_Driver/Inc/stm32f1xx_hal_def.h:29,
                 from ../Drivers/STM32F1xx_HAL_Driver/Inc/stm32f1xx_hal_rcc.h:27,
                 from ../Core/Inc/stm32f1xx_hal_conf.h:238,
                 from ../Drivers/STM32F1xx_HAL_Driver/Inc/stm32f1xx_hal.h:29,
                 from ../Core/Inc/main.h:30,
                 from ../Core/Src/main.c:20:
../Drivers/CMSIS/Device/ST/STM32F1xx/Include/stm32f1xx.h:166:3: note: previous definition of 'ERROR' with type 'enum <anonymous>'
  166 |   ERROR = !SUCCESS
      |   ^~~~~
../Core/Src/main.c: In function 'main':
../Core/Src/main.c:155:19: warning: unused variable 'safeRun' [-Wunused-variable]
  155 |     StatusTypeDef safeRun;
      |                   ^~~~~~~
../Core/Src/main.c: In function 'motionTrack':
../Core/Src/main.c:490:27: warning: comparison between 'GPIO_PinState' and 'enum <anonymous>' [-Wenum-compare]
  490 |         if(motionDetected == SET)
      |                           ^~
../Core/Src/main.c: In function 'gasTrack':
../Core/Src/main.c:515:25: warning: '0' flag ignored with precision and '%d' gnu_printf format [-Wformat=]
  515 |           sprintf(data, "current gas value: %0.2d\r\n", gasVal);
      |                         ^~~~~~~~~~~~~~~~~~~~~~~~~~~~~~
../Core/Src/main.c:515:49: warning: format '%d' expects argument of type 'int', but argument 3 has type 'double' [-Wformat=]
  515 |           sprintf(data, "current gas value: %0.2d\r\n", gasVal);
      |                                             ~~~~^       ~~~~~~
      |                                                 |       |
      |                                                 int     double
      |                                             %0.2f
../Core/Src/main.c: In function 'SleepMode':
../Core/Src/main.c:431:1: warning: control reaches end of non-void function [-Wreturn-type]
  431 | }
      | ^
../Core/Src/main.c: In function 'WakeUPMode':
../Core/Src/main.c:436:1: warning: control reaches end of non-void function [-Wreturn-type]
  436 | }
      | ^
In file included from ../Core/Src/stm32f1xx_hal_msp.c:22:
../Core/Inc/main.h:104:9: error: redeclaration of enumerator 'ERROR'
  104 |         ERROR,
      |         ^~~~~
In file included from ../Drivers/STM32F1xx_HAL_Driver/Inc/stm32f1xx_hal_def.h:29,
                 from ../Drivers/STM32F1xx_HAL_Driver/Inc/stm32f1xx_hal_rcc.h:27,
                 from ../Core/Inc/stm32f1xx_hal_conf.h:238,
                 from ../Drivers/STM32F1xx_HAL_Driver/Inc/stm32f1xx_hal.h:29,
                 from ../Core/Inc/main.h:30,
                 from ../Core/Src/stm32f1xx_hal_msp.c:22:
../Drivers/CMSIS/Device/ST/STM32F1xx/Include/stm32f1xx.h:166:3: note: previous definition of 'ERROR' with type 'enum <anonymous>'
  166 |   ERROR = !SUCCESS
      |   ^~~~~
make: *** [Core/Src/subdir.mk:34: Core/Src/main.o] Error 1
make: *** Waiting for unfinished jobs....
make: *** [Core/Src/subdir.mk:34: Core/Src/stm32f1xx_hal_msp.o] Error 1
In file included from ../Core/Src/stm32f1xx_it.c:21:
../Core/Inc/main.h:104:9: error: redeclaration of enumerator 'ERROR'
  104 |         ERROR,
      |         ^~~~~
In file included from ../Drivers/STM32F1xx_HAL_Driver/Inc/stm32f1xx_hal_def.h:29,
                 from ../Drivers/STM32F1xx_HAL_Driver/Inc/stm32f1xx_hal_rcc.h:27,
                 from ../Core/Inc/stm32f1xx_hal_conf.h:238,
                 from ../Drivers/STM32F1xx_HAL_Driver/Inc/stm32f1xx_hal.h:29,
                 from ../Core/Inc/main.h:30,
                 from ../Core/Src/stm32f1xx_it.c:21:
../Drivers/CMSIS/Device/ST/STM32F1xx/Include/stm32f1xx.h:166:3: note: previous definition of 'ERROR' with type 'enum <anonymous>'
  166 |   ERROR = !SUCCESS
      |   ^~~~~
make: *** [Core/Src/subdir.mk:34: Core/Src/stm32f1xx_it.o] Error 1
"make -j8 all" terminated with exit code 2. Build might be incomplete.
16:51:35 **** Incremental Build of configuration Debug for project STMain ****
make -j8 all 
arm-none-eabi-gcc "../Core/Src/main.c" -mcpu=cortex-m3 -std=gnu11 -g3 -DDEBUG -DUSE_HAL_DRIVER -DSTM32F103xB -c -I../Core/Inc -I../Drivers/STM32F1xx_HAL_Driver/Inc/Legacy -I../Drivers/STM32F1xx_HAL_Driver/Inc -I../Drivers/CMSIS/Device/ST/STM32F1xx/Include -I../Drivers/CMSIS/Include -O0 -ffunction-sections -fdata-sections -Wall -fstack-usage -fcyclomatic-complexity -MMD -MP -MF"Core/Src/main.d" -MT"Core/Src/main.o" --specs=nano.specs -mfloat-abi=soft -mthumb -o "Core/Src/main.o"
arm-none-eabi-gcc "../Core/Src/stm32f1xx_hal_msp.c" -mcpu=cortex-m3 -std=gnu11 -g3 -DDEBUG -DUSE_HAL_DRIVER -DSTM32F103xB -c -I../Core/Inc -I../Drivers/STM32F1xx_HAL_Driver/Inc/Legacy -I../Drivers/STM32F1xx_HAL_Driver/Inc -I../Drivers/CMSIS/Device/ST/STM32F1xx/Include -I../Drivers/CMSIS/Include -O0 -ffunction-sections -fdata-sections -Wall -fstack-usage -fcyclomatic-complexity -MMD -MP -MF"Core/Src/stm32f1xx_hal_msp.d" -MT"Core/Src/stm32f1xx_hal_msp.o" --specs=nano.specs -mfloat-abi=soft -mthumb -o "Core/Src/stm32f1xx_hal_msp.o"
arm-none-eabi-gcc "../Core/Src/stm32f1xx_it.c" -mcpu=cortex-m3 -std=gnu11 -g3 -DDEBUG -DUSE_HAL_DRIVER -DSTM32F103xB -c -I../Core/Inc -I../Drivers/STM32F1xx_HAL_Driver/Inc/Legacy -I../Drivers/STM32F1xx_HAL_Driver/Inc -I../Drivers/CMSIS/Device/ST/STM32F1xx/Include -I../Drivers/CMSIS/Include -O0 -ffunction-sections -fdata-sections -Wall -fstack-usage -fcyclomatic-complexity -MMD -MP -MF"Core/Src/stm32f1xx_it.d" -MT"Core/Src/stm32f1xx_it.o" --specs=nano.specs -mfloat-abi=soft -mthumb -o "Core/Src/stm32f1xx_it.o"
../Core/Src/main.c: In function 'main':
../Core/Src/main.c:155:19: warning: unused variable 'safeRun' [-Wunused-variable]
  155 |     StatusTypeDef safeRun;
      |                   ^~~~~~~
../Core/Src/main.c: In function 'motionTrack':
../Core/Src/main.c:490:27: warning: comparison between 'GPIO_PinState' and 'enum <anonymous>' [-Wenum-compare]
  490 |         if(motionDetected == SET)
      |                           ^~
../Core/Src/main.c: In function 'gasTrack':
../Core/Src/main.c:515:25: warning: '0' flag ignored with precision and '%d' gnu_printf format [-Wformat=]
  515 |           sprintf(data, "current gas value: %0.2d\r\n", gasVal);
      |                         ^~~~~~~~~~~~~~~~~~~~~~~~~~~~~~
../Core/Src/main.c:515:49: warning: format '%d' expects argument of type 'int', but argument 3 has type 'double' [-Wformat=]
  515 |           sprintf(data, "current gas value: %0.2d\r\n", gasVal);
      |                                             ~~~~^       ~~~~~~
      |                                                 |       |
      |                                                 int     double
      |                                             %0.2f
../Core/Src/main.c: In function 'SleepMode':
../Core/Src/main.c:431:1: warning: control reaches end of non-void function [-Wreturn-type]
  431 | }
      | ^
../Core/Src/main.c: In function 'WakeUPMode':
../Core/Src/main.c:436:1: warning: control reaches end of non-void function [-Wreturn-type]
  436 | }
      | ^
arm-none-eabi-gcc -o "STMain.elf" @"objects.list"   -mcpu=cortex-m3 -T"C:\IotBuild\pes\STMain\STM32F103RBTX_FLASH.ld" --specs=nosys.specs -Wl,-Map="STMain.map" -Wl,--gc-sections -static --specs=nano.specs -mfloat-abi=soft -mthumb -u _printf_float -Wl,--start-group -lc -lm -Wl,--end-group
C:/ST/STM32CubeIDE_1.13.2/STM32CubeIDE/plugins/com.st.stm32cube.ide.mcu.externaltools.gnu-tools-for-stm32.11.3.rel1.win32_1.1.100.202309141235/tools/bin/../lib/gcc/arm-none-eabi/11.3.1/../../../../arm-none-eabi/bin/ld.exe: ./Core/Src/main.o: in function `main':
C:/IotBuild/pes/STMain/Debug/../Core/Src/main.c:163: undefined reference to `Controller'
C:/ST/STM32CubeIDE_1.13.2/STM32CubeIDE/plugins/com.st.stm32cube.ide.mcu.externaltools.gnu-tools-for-stm32.11.3.rel1.win32_1.1.100.202309141235/tools/bin/../lib/gcc/arm-none-eabi/11.3.1/../../../../arm-none-eabi/bin/ld.exe: ./Core/Src/main.o: in function `InitSystem':
C:/IotBuild/pes/STMain/Debug/../Core/Src/main.c:404: undefined reference to `Controller'
collect2.exe: error: ld returned 1 exit status
make: *** [makefile:64: STMain.elf] Error 1
"make -j8 all" terminated with exit code 2. Build might be incomplete.
16:52:12 **** Incremental Build of configuration Debug for project STMain ****
make -j8 all 
arm-none-eabi-gcc "../Core/Src/main.c" -mcpu=cortex-m3 -std=gnu11 -g3 -DDEBUG -DUSE_HAL_DRIVER -DSTM32F103xB -c -I../Core/Inc -I../Drivers/STM32F1xx_HAL_Driver/Inc/Legacy -I../Drivers/STM32F1xx_HAL_Driver/Inc -I../Drivers/CMSIS/Device/ST/STM32F1xx/Include -I../Drivers/CMSIS/Include -O0 -ffunction-sections -fdata-sections -Wall -fstack-usage -fcyclomatic-complexity -MMD -MP -MF"Core/Src/main.d" -MT"Core/Src/main.o" --specs=nano.specs -mfloat-abi=soft -mthumb -o "Core/Src/main.o"
../Core/Src/main.c: In function 'main':
../Core/Src/main.c:155:19: warning: unused variable 'safeRun' [-Wunused-variable]
  155 |     StatusTypeDef safeRun;
      |                   ^~~~~~~
../Core/Src/main.c: In function 'motionTrack':
../Core/Src/main.c:495:27: warning: comparison between 'GPIO_PinState' and 'enum <anonymous>' [-Wenum-compare]
  495 |         if(motionDetected == SET)
      |                           ^~
../Core/Src/main.c: In function 'gasTrack':
../Core/Src/main.c:520:25: warning: '0' flag ignored with precision and '%d' gnu_printf format [-Wformat=]
  520 |           sprintf(data, "current gas value: %0.2d\r\n", gasVal);
      |                         ^~~~~~~~~~~~~~~~~~~~~~~~~~~~~~
../Core/Src/main.c:520:49: warning: format '%d' expects argument of type 'int', but argument 3 has type 'double' [-Wformat=]
  520 |           sprintf(data, "current gas value: %0.2d\r\n", gasVal);
      |                                             ~~~~^       ~~~~~~
      |                                                 |       |
      |                                                 int     double
      |                                             %0.2f
../Core/Src/main.c: In function 'SleepMode':
../Core/Src/main.c:436:1: warning: control reaches end of non-void function [-Wreturn-type]
  436 | }
      | ^
../Core/Src/main.c: In function 'WakeUPMode':
../Core/Src/main.c:441:1: warning: control reaches end of non-void function [-Wreturn-type]
  441 | }
      | ^
arm-none-eabi-gcc -o "STMain.elf" @"objects.list"   -mcpu=cortex-m3 -T"C:\IotBuild\pes\STMain\STM32F103RBTX_FLASH.ld" --specs=nosys.specs -Wl,-Map="STMain.map" -Wl,--gc-sections -static --specs=nano.specs -mfloat-abi=soft -mthumb -u _printf_float -Wl,--start-group -lc -lm -Wl,--end-group
Finished building target: STMain.elf
 
arm-none-eabi-size  STMain.elf 
arm-none-eabi-objdump -h -S STMain.elf  > "STMain.list"
   text	   data	    bss	    dec	    hex	filename
  25572	    476	   4084	  30132	   75b4	STMain.elf
Finished building: default.size.stdout
 
Finished building: STMain.list
 
